Using pre-set license
Built from '2020.3/release' branch; Version is '2020.3.12f1 (b3b2c6512326) revision 11776710'; Using compiler version '192528614'; Build Type 'Release'
OS: 'Windows 10 Pro; OS build 18363.1256; Version 1909; 64bit' Language: 'ru' Physical Memory: 8149 MB
BatchMode: 1, IsHumanControllingUs: 0, StartBugReporterOnCrash: 0, Is64bit: 1, IsPro: 0

 COMMAND LINE ARGUMENTS:
D:\Programms\UnityHub\Editors\2020.3.12f1\Editor\Unity.exe
-adb2
-batchMode
-noUpm
-name
AssetImportWorker3
-projectPath
D:/Projects/6.Unity Projects/BrackeyGameJam 2021
-logFile
Logs/AssetImportWorker3.log
-srvPort
58294
Successfully changed project path to: D:/Projects/6.Unity Projects/BrackeyGameJam 2021
D:/Projects/6.Unity Projects/BrackeyGameJam 2021
Using Asset Import Pipeline V2.
Refreshing native plugins compatible for Editor in 159.09 ms, found 2 plugins.
Preloading 0 native plugins for Editor in 0.00 ms.
Initialize engine version: 2020.3.12f1 (b3b2c6512326)
[Subsystems] Discovering subsystems at path D:/Programms/UnityHub/Editors/2020.3.12f1/Editor/Data/Resources/UnitySubsystems
[Subsystems] Discovering subsystems at path D:/Projects/6.Unity Projects/BrackeyGameJam 2021/Assets
GfxDevice: creating device client; threaded=0
Direct3D:
    Version:  Direct3D 11.0 [level 11.0]
    Renderer: NVIDIA GeForce GTX 660 (ID=0x11c0)
    Vendor:   
    VRAM:     1998 MB
    Driver:   27.21.14.6079
Initialize mono
Mono path[0] = 'D:/Programms/UnityHub/Editors/2020.3.12f1/Editor/Data/Managed'
Mono path[1] = 'D:/Programms/UnityHub/Editors/2020.3.12f1/Editor/Data/MonoBleedingEdge/lib/mono/unityjit'
Mono config path = 'D:/Programms/UnityHub/Editors/2020.3.12f1/Editor/Data/MonoBleedingEdge/etc'
Using monoOptions --debugger-agent=transport=dt_socket,embedding=1,server=y,suspend=n,address=127.0.0.1:56980
Begin MonoManager ReloadAssembly
Registering precompiled unity dll's ...
Register platform support module: D:/Programms/UnityHub/Editors/2020.3.12f1/Editor/Data/PlaybackEngines/WebGLSupport/UnityEditor.WebGL.Extensions.dll
Register platform support module: D:/Programms/UnityHub/Editors/2020.3.12f1/Editor/Data/PlaybackEngines/WindowsStandaloneSupport/UnityEditor.WindowsStandalone.Extensions.dll
Registered in 0.001457 seconds.
Native extension for WindowsStandalone target not found
Native extension for WebGL target not found
Refreshing native plugins compatible for Editor in 80.76 ms, found 2 plugins.
Preloading 0 native plugins for Editor in 0.00 ms.
Mono: successfully reloaded assembly
- Completed reload, in  2.794 seconds
Platform modules already initialized, skipping
Registering precompiled user dll's ...
Registered in 0.004100 seconds.
Begin MonoManager ReloadAssembly
Native extension for WindowsStandalone target not found
Native extension for WebGL target not found
Refreshing native plugins compatible for Editor in 109.35 ms, found 2 plugins.
Preloading 0 native plugins for Editor in 0.00 ms.
Mono: successfully reloaded assembly
- Completed reload, in  2.028 seconds
Platform modules already initialized, skipping
========================================================================
Worker process is ready to serve import requests
Shader 'Universal Render Pipeline/Particles/Lit': fallback shader 'Universal Render Pipeline/Particles/SimpleLit' not found
Shader 'Universal Render Pipeline/Particles/Lit': fallback shader 'Universal Render Pipeline/Particles/SimpleLit' not found
Launched and connected shader compiler UnityShaderCompiler.exe after 0.26 seconds
Refreshing native plugins compatible for Editor in 0.67 ms, found 2 plugins.
Preloading 0 native plugins for Editor in 0.00 ms.
Unloading 2749 Unused Serialized files (Serialized files now loaded: 0)
System memory in use before: 124.5 MB.
System memory in use after: 121.8 MB.

Unloading 51 unused Assets to reduce memory usage. Loaded Objects now: 3150.
Total: 16.597600 ms (FindLiveObjects: 0.289200 ms CreateObjectMapping: 0.125400 ms MarkObjects: 8.552000 ms  DeleteObjects: 7.628100 ms)

AssetImportParameters requested are different than current active one (requested -> active):
  custom:framework-win-MediaFoundation: 216162199b28c13a410421893ffa2e32 -> 
  custom:video-decoder-ogg-theora: a1e56fd34408186e4bbccfd4996cb3dc -> 
  custom:container-muxer-webm: aa71ff27fc2769a1b78a27578f13a17b -> 
  custom:container-demuxer-webm: 4f35f7cbe854078d1ac9338744f61a02 -> 
  custom:container-demuxer-ogg: 62fdf1f143b41e24485cea50d1cbac27 -> 
  custom:video-encoder-webm-vp8: eb34c28f22e8b96e1ab97ce403110664 -> 
  custom:video-decoder-webm-vp8: 9c59270c3fd7afecdb556c50c9e8de78 -> 
  custom:audio-decoder-ogg-vorbis: bf7c407c2cedff20999df2af8eb42d56 -> 
  custom:audio-encoder-webm-vorbis: bf7c407c2cedff20999df2af8eb42d56 -> 
========================================================================
Received Import Request.
  path: Assets/Prefabs/Nodes Variants/Math Node.prefab
  artifactKey: Guid(6eda1fe2a68832c43852cb9e54b48fc8) Importer(815301076,1909f56bfc062723c751e8b465ee728b)
Start importing Assets/Prefabs/Nodes Variants/Math Node.prefab using Guid(6eda1fe2a68832c43852cb9e54b48fc8) Importer(815301076,1909f56bfc062723c751e8b465ee728b)  -> (artifact id: '9acfd808a1811a2f38647a85cd62d26e') in 7.071662 seconds 
  Import took 7.121768 seconds .

========================================================================
Received Prepare
Shader 'Universal Render Pipeline/Particles/Lit': fallback shader 'Universal Render Pipeline/Particles/SimpleLit' not found
Shader 'Universal Render Pipeline/Particles/Lit': fallback shader 'Universal Render Pipeline/Particles/SimpleLit' not found
Refreshing native plugins compatible for Editor in 3.17 ms, found 2 plugins.
Preloading 0 native plugins for Editor in 0.00 ms.
Unloading 44 Unused Serialized files (Serialized files now loaded: 0)
System memory in use before: 68.6 MB.
System memory in use after: 66.0 MB.

Unloading 44 unused Assets to reduce memory usage. Loaded Objects now: 3150.
Total: 4.754300 ms (FindLiveObjects: 0.261800 ms CreateObjectMapping: 0.128100 ms MarkObjects: 2.741600 ms  DeleteObjects: 1.621300 ms)

AssetImportParameters requested are different than current active one (requested -> active):
  custom:framework-win-MediaFoundation: 216162199b28c13a410421893ffa2e32 -> 
  custom:video-decoder-ogg-theora: a1e56fd34408186e4bbccfd4996cb3dc -> 
  custom:container-muxer-webm: aa71ff27fc2769a1b78a27578f13a17b -> 
  custom:container-demuxer-webm: 4f35f7cbe854078d1ac9338744f61a02 -> 
  custom:container-demuxer-ogg: 62fdf1f143b41e24485cea50d1cbac27 -> 
  custom:video-encoder-webm-vp8: eb34c28f22e8b96e1ab97ce403110664 -> 
  custom:video-decoder-webm-vp8: 9c59270c3fd7afecdb556c50c9e8de78 -> 
  custom:audio-decoder-ogg-vorbis: bf7c407c2cedff20999df2af8eb42d56 -> 
  custom:audio-encoder-webm-vorbis: bf7c407c2cedff20999df2af8eb42d56 -> 
========================================================================
Received Import Request.
  Time since last request: 0.319994 seconds.
  path: Assets/Prefabs/Nodes Variants/Divide - Math Node.prefab
  artifactKey: Guid(a985ba58cd4a8864eb71bc8d84f3e1a1) Importer(815301076,1909f56bfc062723c751e8b465ee728b)
Start importing Assets/Prefabs/Nodes Variants/Divide - Math Node.prefab using Guid(a985ba58cd4a8864eb71bc8d84f3e1a1) Importer(815301076,1909f56bfc062723c751e8b465ee728b)  -> (artifact id: 'acd0b9a861091cd04f51fd9ed4e8afe9') in 0.668411 seconds 
  Import took 0.696965 seconds .

========================================================================
Received Import Request.
  Time since last request: 0.000363 seconds.
  path: Assets/Prefabs/Nodes Variants/Start Node.prefab
  artifactKey: Guid(36a2aa33fe7f15045a33874b44a95c7c) Importer(815301076,1909f56bfc062723c751e8b465ee728b)
Start importing Assets/Prefabs/Nodes Variants/Start Node.prefab using Guid(36a2aa33fe7f15045a33874b44a95c7c) Importer(815301076,1909f56bfc062723c751e8b465ee728b)  -> (artifact id: 'f80b9a9bdb02a3293787906af4fcc02e') in 0.661574 seconds 
  Import took 0.680924 seconds .

========================================================================
Received Import Request.
  Time since last request: 0.000322 seconds.
  path: Assets/Prefabs/Nodes Variants/Data Node.prefab
  artifactKey: Guid(eee300ef4a1a2da43b51c7a9c1b248a0) Importer(815301076,1909f56bfc062723c751e8b465ee728b)
Start importing Assets/Prefabs/Nodes Variants/Data Node.prefab using Guid(eee300ef4a1a2da43b51c7a9c1b248a0) Importer(815301076,1909f56bfc062723c751e8b465ee728b)  -> (artifact id: '43f8b41c93742a912c9509ef3cbc481c') in 0.590107 seconds 
  Import took 0.617657 seconds .

========================================================================
Received Import Request.
  Time since last request: 0.000324 seconds.
  path: Assets/Prefabs/Nodes Variants/Cast Node.prefab
  artifactKey: Guid(c25709f08b57d7e42b586339a15815fe) Importer(815301076,1909f56bfc062723c751e8b465ee728b)
Start importing Assets/Prefabs/Nodes Variants/Cast Node.prefab using Guid(c25709f08b57d7e42b586339a15815fe) Importer(815301076,1909f56bfc062723c751e8b465ee728b)  -> (artifact id: '358f00856471194ba2d491a8f122996c') in 0.649673 seconds 
  Import took 0.662655 seconds .

========================================================================
Received Import Request.
  Time since last request: 0.000222 seconds.
  path: Assets/Prefabs/Nodes Variants/String - Math Node.prefab
  artifactKey: Guid(cbb9892faed9bd647800ba865ac670ed) Importer(815301076,1909f56bfc062723c751e8b465ee728b)
Start importing Assets/Prefabs/Nodes Variants/String - Math Node.prefab using Guid(cbb9892faed9bd647800ba865ac670ed) Importer(815301076,1909f56bfc062723c751e8b465ee728b)  -> (artifact id: 'dfed5211add384d245ee16afb350eadf') in 0.679695 seconds 
  Import took 0.735542 seconds .

========================================================================
Received Import Request.
  Time since last request: 0.000286 seconds.
  path: Assets/Prefabs/Nodes Variants/End Node.prefab
  artifactKey: Guid(93a09a55d6b81fe44a87968acc1bcf15) Importer(815301076,1909f56bfc062723c751e8b465ee728b)
Start importing Assets/Prefabs/Nodes Variants/End Node.prefab using Guid(93a09a55d6b81fe44a87968acc1bcf15) Importer(815301076,1909f56bfc062723c751e8b465ee728b)  -> (artifact id: 'ed7110e12d5402e4ffae830fcc93d2fe') in 0.663079 seconds 
  Import took 0.700602 seconds .

========================================================================
Received Import Request.
  Time since last request: 0.000273 seconds.
  path: Assets/Prefabs/Nodes Variants/Multiply - Math Node Variant.prefab
  artifactKey: Guid(a5b0ed74c2d49334cac336ef09465b5b) Importer(815301076,1909f56bfc062723c751e8b465ee728b)
Start importing Assets/Prefabs/Nodes Variants/Multiply - Math Node Variant.prefab using Guid(a5b0ed74c2d49334cac336ef09465b5b) Importer(815301076,1909f56bfc062723c751e8b465ee728b)  -> (artifact id: 'eda932101162028269771533322aa58b') in 0.591919 seconds 
  Import took 0.612276 seconds .

========================================================================
Received Prepare
Registering precompiled user dll's ...
Registered in 0.006227 seconds.
Begin MonoManager ReloadAssembly
Native extension for WindowsStandalone target not found
Native extension for WebGL target not found
Refreshing native plugins compatible for Editor in 0.81 ms, found 2 plugins.
Preloading 0 native plugins for Editor in 0.00 ms.
Mono: successfully reloaded assembly
- Completed reload, in  1.797 seconds
Platform modules already initialized, skipping
Switching build target platform(19) subTarget(0) extendedPlatform(0) -> platform(13) subTarget(537395200) extendedPlatform(0)
Shader 'Universal Render Pipeline/Particles/Lit': fallback shader 'Universal Render Pipeline/Particles/SimpleLit' not found
Shader 'Universal Render Pipeline/Particles/Lit': fallback shader 'Universal Render Pipeline/Particles/SimpleLit' not found
Refreshing native plugins compatible for Editor in 0.65 ms, found 2 plugins.
Preloading 0 native plugins for Editor in 0.00 ms.
Unloading 2661 Unused Serialized files (Serialized files now loaded: 0)
System memory in use before: 118.9 MB.
System memory in use after: 116.3 MB.

Unloading 46 unused Assets to reduce memory usage. Loaded Objects now: 3153.
Total: 4.300000 ms (FindLiveObjects: 0.264600 ms CreateObjectMapping: 0.119000 ms MarkObjects: 2.249500 ms  DeleteObjects: 1.665400 ms)

AssetImportParameters requested are different than current active one (requested -> active):
  custom:framework-win-MediaFoundation: 216162199b28c13a410421893ffa2e32 -> 
  custom:video-decoder-ogg-theora: a1e56fd34408186e4bbccfd4996cb3dc -> 
  custom:container-muxer-webm: aa71ff27fc2769a1b78a27578f13a17b -> 
  custom:container-demuxer-webm: 4f35f7cbe854078d1ac9338744f61a02 -> 
  custom:container-demuxer-ogg: 62fdf1f143b41e24485cea50d1cbac27 -> 
  custom:video-encoder-webm-vp8: eb34c28f22e8b96e1ab97ce403110664 -> 
  custom:video-decoder-webm-vp8: 9c59270c3fd7afecdb556c50c9e8de78 -> 
  custom:graphics/normal-map-encoding: 01000000000000000000000000000000 -> 02000000000000000000000000000000
  custom:audio-decoder-ogg-vorbis: bf7c407c2cedff20999df2af8eb42d56 -> 
  custom:audio-encoder-webm-vorbis: bf7c407c2cedff20999df2af8eb42d56 -> 
========================================================================
Received Import Request.
  Time since last request: 131.621791 seconds.
  path: Assets/Prefabs/Nodes Variants/Cast Node.prefab
  artifactKey: Guid(c25709f08b57d7e42b586339a15815fe) Importer(815301076,1909f56bfc062723c751e8b465ee728b)
Start importing Assets/Prefabs/Nodes Variants/Cast Node.prefab using Guid(c25709f08b57d7e42b586339a15815fe) Importer(815301076,1909f56bfc062723c751e8b465ee728b)  -> (artifact id: '28979cc1e83d1b9f67383024652939bb') in 0.924493 seconds 
  Import took 0.976851 seconds .

========================================================================
Received Import Request.
  Time since last request: 6.740231 seconds.
  path: Assets/Prefabs/Nodes Variants/Divide - Math Node.prefab
  artifactKey: Guid(a985ba58cd4a8864eb71bc8d84f3e1a1) Importer(815301076,1909f56bfc062723c751e8b465ee728b)
Start importing Assets/Prefabs/Nodes Variants/Divide - Math Node.prefab using Guid(a985ba58cd4a8864eb71bc8d84f3e1a1) Importer(815301076,1909f56bfc062723c751e8b465ee728b)  -> (artifact id: '4562c454dcf06db22a7f156563611e77') in 0.662884 seconds 
  Import took 0.705554 seconds .

========================================================================
Received Import Request.
  Time since last request: 4.891798 seconds.
  path: Assets/Prefabs/Nodes Variants/Math Node.prefab
  artifactKey: Guid(6eda1fe2a68832c43852cb9e54b48fc8) Importer(815301076,1909f56bfc062723c751e8b465ee728b)
Start importing Assets/Prefabs/Nodes Variants/Math Node.prefab using Guid(6eda1fe2a68832c43852cb9e54b48fc8) Importer(815301076,1909f56bfc062723c751e8b465ee728b)  -> (artifact id: 'ea8a2fd9242352c21481713b62104e1a') in 0.699278 seconds 
  Import took 0.709133 seconds .

========================================================================
Received Import Request.
  Time since last request: 0.000240 seconds.
  path: Assets/Prefabs/Nodes Variants/Divide - Math Node.prefab
  artifactKey: Guid(a985ba58cd4a8864eb71bc8d84f3e1a1) Importer(815301076,1909f56bfc062723c751e8b465ee728b)
Start importing Assets/Prefabs/Nodes Variants/Divide - Math Node.prefab using Guid(a985ba58cd4a8864eb71bc8d84f3e1a1) Importer(815301076,1909f56bfc062723c751e8b465ee728b)  -> (artifact id: '912b1f3ae5296e4d979da491af2e994e') in 0.641554 seconds 
  Import took 0.649923 seconds .

========================================================================
Received Import Request.
  Time since last request: 0.000312 seconds.
  path: Assets/Prefabs/Nodes Variants/Cast Node.prefab
  artifactKey: Guid(c25709f08b57d7e42b586339a15815fe) Importer(815301076,1909f56bfc062723c751e8b465ee728b)
Start importing Assets/Prefabs/Nodes Variants/Cast Node.prefab using Guid(c25709f08b57d7e42b586339a15815fe) Importer(815301076,1909f56bfc062723c751e8b465ee728b)  -> (artifact id: 'bffb9a8687dbfdd5f79483814dd1afef') in 0.649416 seconds 
  Import took 0.659612 seconds .

========================================================================
Received Import Request.
  Time since last request: 0.000357 seconds.
  path: Assets/Prefabs/Nodes Variants/String - Math Node.prefab
  artifactKey: Guid(cbb9892faed9bd647800ba865ac670ed) Importer(815301076,1909f56bfc062723c751e8b465ee728b)
Start importing Assets/Prefabs/Nodes Variants/String - Math Node.prefab using Guid(cbb9892faed9bd647800ba865ac670ed) Importer(815301076,1909f56bfc062723c751e8b465ee728b)  -> (artifact id: 'ead63ce2b1c1063c80cd8aea32795cbe') in 0.602052 seconds 
  Import took 0.610262 seconds .

========================================================================
Received Import Request.
  Time since last request: 0.000291 seconds.
  path: Assets/Prefabs/Nodes Variants/Multiply - Math Node Variant.prefab
  artifactKey: Guid(a5b0ed74c2d49334cac336ef09465b5b) Importer(815301076,1909f56bfc062723c751e8b465ee728b)
Start importing Assets/Prefabs/Nodes Variants/Multiply - Math Node Variant.prefab using Guid(a5b0ed74c2d49334cac336ef09465b5b) Importer(815301076,1909f56bfc062723c751e8b465ee728b)  -> (artifact id: '53a43514fbed98160661309c5a57942a') in 0.646046 seconds 
  Import took 0.912428 seconds .

========================================================================
Received Import Request.
  Time since last request: 2.308171 seconds.
  path: Assets/Prefabs/Nodes Variants/String - Math Node.prefab
  artifactKey: Guid(cbb9892faed9bd647800ba865ac670ed) Importer(815301076,1909f56bfc062723c751e8b465ee728b)
Start importing Assets/Prefabs/Nodes Variants/String - Math Node.prefab using Guid(cbb9892faed9bd647800ba865ac670ed) Importer(815301076,1909f56bfc062723c751e8b465ee728b)  -> (artifact id: '9ecfabd2dbcf57a236a4bb64fe609d17') in 0.737381 seconds 
  Import took 0.772061 seconds .

========================================================================
Received Import Request.
  Time since last request: 13.386776 seconds.
  path: Assets/Scripts/Node Variants/MathNode.cs
  artifactKey: Guid(20111788329792e4db03a34ba744e42d) Importer(815301076,1909f56bfc062723c751e8b465ee728b)
Start importing Assets/Scripts/Node Variants/MathNode.cs using Guid(20111788329792e4db03a34ba744e42d) Importer(815301076,1909f56bfc062723c751e8b465ee728b)  -> (artifact id: '20db7879bc853ade5b70f9be71c52bc8') in 0.068135 seconds 
  Import took 0.095976 seconds .

========================================================================
Received Import Request.
  Time since last request: 0.022797 seconds.
  path: Assets/Scripts/Node Variants/MathNode.cs
  artifactKey: Guid(20111788329792e4db03a34ba744e42d) Importer(815301076,1909f56bfc062723c751e8b465ee728b)
Start importing Assets/Scripts/Node Variants/MathNode.cs using Guid(20111788329792e4db03a34ba744e42d) Importer(815301076,1909f56bfc062723c751e8b465ee728b)  -> (artifact id: '20db7879bc853ade5b70f9be71c52bc8') in 0.003415 seconds 
  Import took 0.009373 seconds .

========================================================================
Received Import Request.
  Time since last request: 3.239056 seconds.
  path: Assets/Scripts/NodeInput Variants/MathNodeInput.cs
  artifactKey: Guid(e4e8ff204ab0f6f44b3c5e82234484ce) Importer(815301076,1909f56bfc062723c751e8b465ee728b)
Start importing Assets/Scripts/NodeInput Variants/MathNodeInput.cs using Guid(e4e8ff204ab0f6f44b3c5e82234484ce) Importer(815301076,1909f56bfc062723c751e8b465ee728b)  -> (artifact id: '91a525e2daa5a71ab13f70732ad8254b') in 0.038185 seconds 
  Import took 0.066958 seconds .

========================================================================
Received Prepare
Registering precompiled user dll's ...
Registered in 0.003762 seconds.
Begin MonoManager ReloadAssembly
Native extension for WindowsStandalone target not found
Native extension for WebGL target not found
Refreshing native plugins compatible for Editor in 0.78 ms, found 2 plugins.
Preloading 0 native plugins for Editor in 0.00 ms.
Mono: successfully reloaded assembly
- Completed reload, in  1.875 seconds
Platform modules already initialized, skipping
Switching build target platform(19) subTarget(0) extendedPlatform(0) -> platform(13) subTarget(537395200) extendedPlatform(0)
Shader 'Universal Render Pipeline/Particles/Lit': fallback shader 'Universal Render Pipeline/Particles/SimpleLit' not found
Shader 'Universal Render Pipeline/Particles/Lit': fallback shader 'Universal Render Pipeline/Particles/SimpleLit' not found
Refreshing native plugins compatible for Editor in 0.69 ms, found 2 plugins.
Preloading 0 native plugins for Editor in 0.00 ms.
Unloading 2660 Unused Serialized files (Serialized files now loaded: 0)
System memory in use before: 118.9 MB.
System memory in use after: 116.4 MB.

Unloading 47 unused Assets to reduce memory usage. Loaded Objects now: 3155.
Total: 5.016600 ms (FindLiveObjects: 0.273400 ms CreateObjectMapping: 0.123600 ms MarkObjects: 2.879800 ms  DeleteObjects: 1.737800 ms)

AssetImportParameters requested are different than current active one (requested -> active):
  custom:framework-win-MediaFoundation: 216162199b28c13a410421893ffa2e32 -> 
  custom:video-decoder-ogg-theora: a1e56fd34408186e4bbccfd4996cb3dc -> 
  custom:container-muxer-webm: aa71ff27fc2769a1b78a27578f13a17b -> 
  custom:container-demuxer-webm: 4f35f7cbe854078d1ac9338744f61a02 -> 
  custom:container-demuxer-ogg: 62fdf1f143b41e24485cea50d1cbac27 -> 
  custom:video-encoder-webm-vp8: eb34c28f22e8b96e1ab97ce403110664 -> 
  custom:video-decoder-webm-vp8: 9c59270c3fd7afecdb556c50c9e8de78 -> 
  custom:graphics/normal-map-encoding: 01000000000000000000000000000000 -> 02000000000000000000000000000000
  custom:audio-decoder-ogg-vorbis: bf7c407c2cedff20999df2af8eb42d56 -> 
  custom:audio-encoder-webm-vorbis: bf7c407c2cedff20999df2af8eb42d56 -> 
========================================================================
Received Import Request.
  Time since last request: 8.497745 seconds.
  path: Assets/Scripts/NodeInput Variants/NodeInput.cs
  artifactKey: Guid(74ca397fcbf74774a8d81f7d8593a018) Importer(815301076,1909f56bfc062723c751e8b465ee728b)
Start importing Assets/Scripts/NodeInput Variants/NodeInput.cs using Guid(74ca397fcbf74774a8d81f7d8593a018) Importer(815301076,1909f56bfc062723c751e8b465ee728b)  -> (artifact id: '50a9a34ebf67a9527989aab5879c251c') in 0.013706 seconds 
  Import took 0.034229 seconds .

========================================================================
Received Import Request.
  Time since last request: 7.994010 seconds.
  path: Assets/Settings/PostProccess.asset
  artifactKey: Guid(10fc4df2da32a41aaa32d77bc913491c) Importer(815301076,1909f56bfc062723c751e8b465ee728b)
Start importing Assets/Settings/PostProccess.asset using Guid(10fc4df2da32a41aaa32d77bc913491c) Importer(815301076,1909f56bfc062723c751e8b465ee728b)  -> (artifact id: 'd0ce7500072e2f2f32560bd9a5ef93e5') in 0.034826 seconds 
  Import took 0.064505 seconds .

========================================================================
Received Import Request.
  Time since last request: 6.880870 seconds.
  path: Assets/Prefabs/Game/LevelManager.prefab
  artifactKey: Guid(7d556f158cba53140be4108faf939a2d) Importer(815301076,1909f56bfc062723c751e8b465ee728b)
Start importing Assets/Prefabs/Game/LevelManager.prefab using Guid(7d556f158cba53140be4108faf939a2d) Importer(815301076,1909f56bfc062723c751e8b465ee728b)  -> (artifact id: '9464ead41c0f3061f4273baff9164386') in 3.490107 seconds 
  Import took 3.526731 seconds .

========================================================================
Received Prepare
Registering precompiled user dll's ...
Registered in 0.003675 seconds.
Begin MonoManager ReloadAssembly
Native extension for WindowsStandalone target not found
Native extension for WebGL target not found
Refreshing native plugins compatible for Editor in 0.73 ms, found 2 plugins.
Preloading 0 native plugins for Editor in 0.00 ms.
Mono: successfully reloaded assembly
- Completed reload, in  1.712 seconds
Platform modules already initialized, skipping
Switching build target platform(19) subTarget(0) extendedPlatform(0) -> platform(13) subTarget(537395200) extendedPlatform(0)
Shader 'Universal Render Pipeline/Particles/Lit': fallback shader 'Universal Render Pipeline/Particles/SimpleLit' not found
Shader 'Universal Render Pipeline/Particles/Lit': fallback shader 'Universal Render Pipeline/Particles/SimpleLit' not found
Refreshing native plugins compatible for Editor in 0.69 ms, found 2 plugins.
Preloading 0 native plugins for Editor in 0.00 ms.
Unloading 2660 Unused Serialized files (Serialized files now loaded: 0)
System memory in use before: 119.0 MB.
System memory in use after: 116.4 MB.

Unloading 46 unused Assets to reduce memory usage. Loaded Objects now: 3158.
Total: 4.801700 ms (FindLiveObjects: 0.325900 ms CreateObjectMapping: 0.178900 ms MarkObjects: 2.433400 ms  DeleteObjects: 1.861500 ms)

AssetImportParameters requested are different than current active one (requested -> active):
  custom:framework-win-MediaFoundation: 216162199b28c13a410421893ffa2e32 -> 
  custom:video-decoder-ogg-theora: a1e56fd34408186e4bbccfd4996cb3dc -> 
  custom:container-muxer-webm: aa71ff27fc2769a1b78a27578f13a17b -> 
  custom:container-demuxer-webm: 4f35f7cbe854078d1ac9338744f61a02 -> 
  custom:container-demuxer-ogg: 62fdf1f143b41e24485cea50d1cbac27 -> 
  custom:video-encoder-webm-vp8: eb34c28f22e8b96e1ab97ce403110664 -> 
  custom:video-decoder-webm-vp8: 9c59270c3fd7afecdb556c50c9e8de78 -> 
  custom:graphics/normal-map-encoding: 01000000000000000000000000000000 -> 02000000000000000000000000000000
  custom:audio-decoder-ogg-vorbis: bf7c407c2cedff20999df2af8eb42d56 -> 
  custom:audio-encoder-webm-vorbis: bf7c407c2cedff20999df2af8eb42d56 -> 
========================================================================
Received Prepare
Registering precompiled user dll's ...
Registered in 0.004082 seconds.
Begin MonoManager ReloadAssembly
Native extension for WindowsStandalone target not found
Native extension for WebGL target not found
Refreshing native plugins compatible for Editor in 0.68 ms, found 2 plugins.
Preloading 0 native plugins for Editor in 0.00 ms.
Mono: successfully reloaded assembly
- Completed reload, in  1.796 seconds
Platform modules already initialized, skipping
Switching build target platform(19) subTarget(0) extendedPlatform(0) -> platform(13) subTarget(537395200) extendedPlatform(0)
Shader 'Universal Render Pipeline/Particles/Lit': fallback shader 'Universal Render Pipeline/Particles/SimpleLit' not found
Shader 'Universal Render Pipeline/Particles/Lit': fallback shader 'Universal Render Pipeline/Particles/SimpleLit' not found
Refreshing native plugins compatible for Editor in 0.88 ms, found 2 plugins.
Preloading 0 native plugins for Editor in 0.00 ms.
Unloading 2660 Unused Serialized files (Serialized files now loaded: 0)
System memory in use before: 119.0 MB.
System memory in use after: 116.4 MB.

Unloading 46 unused Assets to reduce memory usage. Loaded Objects now: 3161.
Total: 6.735900 ms (FindLiveObjects: 0.271300 ms CreateObjectMapping: 0.127200 ms MarkObjects: 4.493500 ms  DeleteObjects: 1.841400 ms)

AssetImportParameters requested are different than current active one (requested -> active):
  custom:framework-win-MediaFoundation: 216162199b28c13a410421893ffa2e32 -> 
  custom:video-decoder-ogg-theora: a1e56fd34408186e4bbccfd4996cb3dc -> 
  custom:container-muxer-webm: aa71ff27fc2769a1b78a27578f13a17b -> 
  custom:container-demuxer-webm: 4f35f7cbe854078d1ac9338744f61a02 -> 
  custom:container-demuxer-ogg: 62fdf1f143b41e24485cea50d1cbac27 -> 
  custom:video-encoder-webm-vp8: eb34c28f22e8b96e1ab97ce403110664 -> 
  custom:video-decoder-webm-vp8: 9c59270c3fd7afecdb556c50c9e8de78 -> 
  custom:graphics/normal-map-encoding: 01000000000000000000000000000000 -> 02000000000000000000000000000000
  custom:audio-decoder-ogg-vorbis: bf7c407c2cedff20999df2af8eb42d56 -> 
  custom:audio-encoder-webm-vorbis: bf7c407c2cedff20999df2af8eb42d56 -> 
========================================================================
Received Prepare
Registering precompiled user dll's ...
Registered in 0.003768 seconds.
Begin MonoManager ReloadAssembly
Native extension for WindowsStandalone target not found
Native extension for WebGL target not found
Refreshing native plugins compatible for Editor in 0.64 ms, found 2 plugins.
Preloading 0 native plugins for Editor in 0.00 ms.
Mono: successfully reloaded assembly
- Completed reload, in  1.725 seconds
Platform modules already initialized, skipping
Switching build target platform(19) subTarget(0) extendedPlatform(0) -> platform(13) subTarget(537395200) extendedPlatform(0)
Shader 'Universal Render Pipeline/Particles/Lit': fallback shader 'Universal Render Pipeline/Particles/SimpleLit' not found
Shader 'Universal Render Pipeline/Particles/Lit': fallback shader 'Universal Render Pipeline/Particles/SimpleLit' not found
Refreshing native plugins compatible for Editor in 0.66 ms, found 2 plugins.
Preloading 0 native plugins for Editor in 0.00 ms.
Unloading 2660 Unused Serialized files (Serialized files now loaded: 0)
System memory in use before: 119.0 MB.
System memory in use after: 116.4 MB.

Unloading 46 unused Assets to reduce memory usage. Loaded Objects now: 3164.
Total: 5.676200 ms (FindLiveObjects: 0.290700 ms CreateObjectMapping: 0.128100 ms MarkObjects: 3.270000 ms  DeleteObjects: 1.984300 ms)

AssetImportParameters requested are different than current active one (requested -> active):
  custom:framework-win-MediaFoundation: 216162199b28c13a410421893ffa2e32 -> 
  custom:video-decoder-ogg-theora: a1e56fd34408186e4bbccfd4996cb3dc -> 
  custom:container-muxer-webm: aa71ff27fc2769a1b78a27578f13a17b -> 
  custom:container-demuxer-webm: 4f35f7cbe854078d1ac9338744f61a02 -> 
  custom:container-demuxer-ogg: 62fdf1f143b41e24485cea50d1cbac27 -> 
  custom:video-encoder-webm-vp8: eb34c28f22e8b96e1ab97ce403110664 -> 
  custom:video-decoder-webm-vp8: 9c59270c3fd7afecdb556c50c9e8de78 -> 
  custom:graphics/normal-map-encoding: 01000000000000000000000000000000 -> 02000000000000000000000000000000
  custom:audio-decoder-ogg-vorbis: bf7c407c2cedff20999df2af8eb42d56 -> 
  custom:audio-encoder-webm-vorbis: bf7c407c2cedff20999df2af8eb42d56 -> 
========================================================================
Received Prepare
Registering precompiled user dll's ...
Registered in 0.004578 seconds.
Begin MonoManager ReloadAssembly
Native extension for WindowsStandalone target not found
Native extension for WebGL target not found
Refreshing native plugins compatible for Editor in 0.78 ms, found 2 plugins.
Preloading 0 native plugins for Editor in 0.00 ms.
Mono: successfully reloaded assembly
- Completed reload, in  1.583 seconds
Platform modules already initialized, skipping
Switching build target platform(19) subTarget(0) extendedPlatform(0) -> platform(13) subTarget(537395200) extendedPlatform(0)
Shader 'Universal Render Pipeline/Particles/Lit': fallback shader 'Universal Render Pipeline/Particles/SimpleLit' not found
Shader 'Universal Render Pipeline/Particles/Lit': fallback shader 'Universal Render Pipeline/Particles/SimpleLit' not found
Refreshing native plugins compatible for Editor in 3.72 ms, found 2 plugins.
Preloading 0 native plugins for Editor in 0.00 ms.
Unloading 2660 Unused Serialized files (Serialized files now loaded: 0)
System memory in use before: 119.0 MB.
System memory in use after: 116.4 MB.

Unloading 46 unused Assets to reduce memory usage. Loaded Objects now: 3167.
Total: 5.233100 ms (FindLiveObjects: 0.383400 ms CreateObjectMapping: 0.263800 ms MarkObjects: 2.685800 ms  DeleteObjects: 1.898200 ms)

AssetImportParameters requested are different than current active one (requested -> active):
  custom:framework-win-MediaFoundation: 216162199b28c13a410421893ffa2e32 -> 
  custom:video-decoder-ogg-theora: a1e56fd34408186e4bbccfd4996cb3dc -> 
  custom:container-muxer-webm: aa71ff27fc2769a1b78a27578f13a17b -> 
  custom:container-demuxer-webm: 4f35f7cbe854078d1ac9338744f61a02 -> 
  custom:container-demuxer-ogg: 62fdf1f143b41e24485cea50d1cbac27 -> 
  custom:video-encoder-webm-vp8: eb34c28f22e8b96e1ab97ce403110664 -> 
  custom:video-decoder-webm-vp8: 9c59270c3fd7afecdb556c50c9e8de78 -> 
  custom:graphics/normal-map-encoding: 01000000000000000000000000000000 -> 02000000000000000000000000000000
  custom:audio-decoder-ogg-vorbis: bf7c407c2cedff20999df2af8eb42d56 -> 
  custom:audio-encoder-webm-vorbis: bf7c407c2cedff20999df2af8eb42d56 -> 
========================================================================
Received Prepare
Registering precompiled user dll's ...
Registered in 0.003711 seconds.
Begin MonoManager ReloadAssembly
Native extension for WindowsStandalone target not found
Native extension for WebGL target not found
Refreshing native plugins compatible for Editor in 0.73 ms, found 2 plugins.
Preloading 0 native plugins for Editor in 0.00 ms.
Mono: successfully reloaded assembly
- Completed reload, in  1.749 seconds
Platform modules already initialized, skipping
Switching build target platform(19) subTarget(0) extendedPlatform(0) -> platform(13) subTarget(537395200) extendedPlatform(0)
Shader 'Universal Render Pipeline/Particles/Lit': fallback shader 'Universal Render Pipeline/Particles/SimpleLit' not found
Shader 'Universal Render Pipeline/Particles/Lit': fallback shader 'Universal Render Pipeline/Particles/SimpleLit' not found
Refreshing native plugins compatible for Editor in 0.74 ms, found 2 plugins.
Preloading 0 native plugins for Editor in 0.00 ms.
Unloading 2660 Unused Serialized files (Serialized files now loaded: 0)
System memory in use before: 119.0 MB.
System memory in use after: 116.4 MB.

Unloading 46 unused Assets to reduce memory usage. Loaded Objects now: 3170.
Total: 33.854600 ms (FindLiveObjects: 0.264300 ms CreateObjectMapping: 0.116800 ms MarkObjects: 31.596200 ms  DeleteObjects: 1.874400 ms)

AssetImportParameters requested are different than current active one (requested -> active):
  custom:framework-win-MediaFoundation: 216162199b28c13a410421893ffa2e32 -> 
  custom:video-decoder-ogg-theora: a1e56fd34408186e4bbccfd4996cb3dc -> 
  custom:container-muxer-webm: aa71ff27fc2769a1b78a27578f13a17b -> 
  custom:container-demuxer-webm: 4f35f7cbe854078d1ac9338744f61a02 -> 
  custom:container-demuxer-ogg: 62fdf1f143b41e24485cea50d1cbac27 -> 
  custom:video-encoder-webm-vp8: eb34c28f22e8b96e1ab97ce403110664 -> 
  custom:video-decoder-webm-vp8: 9c59270c3fd7afecdb556c50c9e8de78 -> 
  custom:graphics/normal-map-encoding: 01000000000000000000000000000000 -> 02000000000000000000000000000000
  custom:audio-decoder-ogg-vorbis: bf7c407c2cedff20999df2af8eb42d56 -> 
  custom:audio-encoder-webm-vorbis: bf7c407c2cedff20999df2af8eb42d56 -> 
========================================================================
Received Prepare
Shader 'Universal Render Pipeline/Particles/Lit': fallback shader 'Universal Render Pipeline/Particles/SimpleLit' not found
Shader 'Universal Render Pipeline/Particles/Lit': fallback shader 'Universal Render Pipeline/Particles/SimpleLit' not found
Refreshing native plugins compatible for Editor in 3.40 ms, found 2 plugins.
Preloading 0 native plugins for Editor in 0.00 ms.
Unloading 44 Unused Serialized files (Serialized files now loaded: 0)
System memory in use before: 67.9 MB.
System memory in use after: 65.3 MB.

Unloading 44 unused Assets to reduce memory usage. Loaded Objects now: 3170.
Total: 5.496500 ms (FindLiveObjects: 0.262200 ms CreateObjectMapping: 0.129000 ms MarkObjects: 3.111500 ms  DeleteObjects: 1.991600 ms)

AssetImportParameters requested are different than current active one (requested -> active):
  custom:framework-win-MediaFoundation: 216162199b28c13a410421893ffa2e32 -> 
  custom:video-decoder-ogg-theora: a1e56fd34408186e4bbccfd4996cb3dc -> 
  custom:container-muxer-webm: aa71ff27fc2769a1b78a27578f13a17b -> 
  custom:container-demuxer-webm: 4f35f7cbe854078d1ac9338744f61a02 -> 
  custom:container-demuxer-ogg: 62fdf1f143b41e24485cea50d1cbac27 -> 
  custom:video-encoder-webm-vp8: eb34c28f22e8b96e1ab97ce403110664 -> 
  custom:video-decoder-webm-vp8: 9c59270c3fd7afecdb556c50c9e8de78 -> 
  custom:audio-decoder-ogg-vorbis: bf7c407c2cedff20999df2af8eb42d56 -> 
  custom:audio-encoder-webm-vorbis: bf7c407c2cedff20999df2af8eb42d56 -> 
========================================================================
Received Import Request.
  Time since last request: 1264.367729 seconds.
  path: Assets/Scenes/CoverImages.unity
  artifactKey: Guid(97d1cc914a165aa43a02ee1fa8bf869c) Importer(815301076,1909f56bfc062723c751e8b465ee728b)
Start importing Assets/Scenes/CoverImages.unity using Guid(97d1cc914a165aa43a02ee1fa8bf869c) Importer(815301076,1909f56bfc062723c751e8b465ee728b)  -> (artifact id: '5b353daea4518f076cf180fd4557a8c4') in 0.074203 seconds 
  Import took 0.116722 seconds .

========================================================================
Received Import Request.
  Time since last request: 1.470929 seconds.
  path: Assets/Scenes/test.unity
  artifactKey: Guid(0d6ee18dad456c24986842ecb3b7f13b) Importer(815301076,1909f56bfc062723c751e8b465ee728b)
Start importing Assets/Scenes/test.unity using Guid(0d6ee18dad456c24986842ecb3b7f13b) Importer(815301076,1909f56bfc062723c751e8b465ee728b)  -> (artifact id: 'c34cb3c4358664819c3873e3bf6e1da6') in 0.010823 seconds 
  Import took 0.046557 seconds .

========================================================================
Received Import Request.
  Time since last request: 69.527689 seconds.
  path: Assets/Scenes/Level_01.unity
  artifactKey: Guid(d1c3109bdb54ad54c8a2b2838528e640) Importer(815301076,1909f56bfc062723c751e8b465ee728b)
Start importing Assets/Scenes/Level_01.unity using Guid(d1c3109bdb54ad54c8a2b2838528e640) Importer(815301076,1909f56bfc062723c751e8b465ee728b)  -> (artifact id: 'a60d93356f7e8c1e84cc3513be476e1e') in 0.020645 seconds 
  Import took 0.037462 seconds .

========================================================================
Received Import Request.
  Time since last request: 40.072909 seconds.
  path: Assets/Prefabs/Game/LevelManager 1.prefab
  artifactKey: Guid(b046206f2baca5a48803227ee1776c42) Importer(815301076,1909f56bfc062723c751e8b465ee728b)
Start importing Assets/Prefabs/Game/LevelManager 1.prefab using Guid(b046206f2baca5a48803227ee1776c42) Importer(815301076,1909f56bfc062723c751e8b465ee728b)  -> (artifact id: '88702e757f92005743d25a20cf3f4ad5') in 9.958156 seconds 
  Import took 9.993164 seconds .

========================================================================
Received Import Request.
  Time since last request: 0.000231 seconds.
  path: Assets/Prefabs/Game/LevelManager.prefab
  artifactKey: Guid(b046206f2baca5a48803227ee1776c42) Importer(815301076,1909f56bfc062723c751e8b465ee728b)
Start importing Assets/Prefabs/Game/LevelManager.prefab using Guid(b046206f2baca5a48803227ee1776c42) Importer(815301076,1909f56bfc062723c751e8b465ee728b)  -> (artifact id: '563482697b59e051adc5e1b4f16a1282') in 0.854312 seconds 
  Import took 0.883707 seconds .

========================================================================
Received Import Request.
  Time since last request: 11.747300 seconds.
  path: Assets/Scenes/Level_02.unity
  artifactKey: Guid(8d5955e541af591498a12cc6e5b9b503) Importer(815301076,1909f56bfc062723c751e8b465ee728b)
Start importing Assets/Scenes/Level_02.unity using Guid(8d5955e541af591498a12cc6e5b9b503) Importer(815301076,1909f56bfc062723c751e8b465ee728b)  -> (artifact id: 'c58e4fd43cfe3948ef67dd395c9486af') in 0.032733 seconds 
  Import took 0.111571 seconds .

========================================================================
Received Import Request.
  Time since last request: 15.549571 seconds.
  path: Assets/Prefabs/Game/LevelManager.prefab
  artifactKey: Guid(b046206f2baca5a48803227ee1776c42) Importer(815301076,1909f56bfc062723c751e8b465ee728b)
Start importing Assets/Prefabs/Game/LevelManager.prefab using Guid(b046206f2baca5a48803227ee1776c42) Importer(815301076,1909f56bfc062723c751e8b465ee728b)  -> (artifact id: '5126df3975c3817b49009309be9fc587') in 0.602372 seconds 
  Import took 0.634964 seconds .

========================================================================
Received Import Request.
  Time since last request: 292.268383 seconds.
  path: Assets/Textures/Editor
  artifactKey: Guid(52c95931b328cb043bd020083d08abb7) Importer(815301076,1909f56bfc062723c751e8b465ee728b)
Start importing Assets/Textures/Editor using Guid(52c95931b328cb043bd020083d08abb7) Importer(815301076,1909f56bfc062723c751e8b465ee728b)  -> (artifact id: 'd6a3a879d2297909720a04c031f7015d') in 0.074422 seconds 
  Import took 0.112328 seconds .

========================================================================
Received Import Request.
  Time since last request: 0.000193 seconds.
  path: Assets/Textures/Editor/gameplay_01.png
  artifactKey: Guid(61de3c42410bce449bdb26479ed53045) Importer(815301076,1909f56bfc062723c751e8b465ee728b)
Start importing Assets/Textures/Editor/gameplay_01.png using Guid(61de3c42410bce449bdb26479ed53045) Importer(815301076,1909f56bfc062723c751e8b465ee728b)  -> (artifact id: '2160d7ebc58d0dd0e571ec38eaf8f15f') in 1.538696 seconds 
  Import took 1.583073 seconds .

========================================================================
Received Import Request.
  Time since last request: 0.000366 seconds.
  path: Assets/Textures/Editor/preview_04.png
  artifactKey: Guid(f42541937f4a67540b8199c67b730e64) Importer(815301076,1909f56bfc062723c751e8b465ee728b)
Start importing Assets/Textures/Editor/preview_04.png using Guid(f42541937f4a67540b8199c67b730e64) Importer(815301076,1909f56bfc062723c751e8b465ee728b)  -> (artifact id: 'd19f2d85f36130cb12f9704d12be9a13') in 0.212813 seconds 
  Import took 0.249996 seconds .

========================================================================
Received Import Request.
  Time since last request: 0.000287 seconds.
  path: Assets/Textures/Editor/background_image.png
  artifactKey: Guid(243cc9a135e19ea4f801948282361b7a) Importer(815301076,1909f56bfc062723c751e8b465ee728b)
Start importing Assets/Textures/Editor/background_image.png using Guid(243cc9a135e19ea4f801948282361b7a) Importer(815301076,1909f56bfc062723c751e8b465ee728b)  -> (artifact id: 'ec824f5b615836df7249ffa302db2752') in 0.141757 seconds 
  Import took 0.174314 seconds .

========================================================================
Received Import Request.
  Time since last request: 0.000361 seconds.
  path: Assets/Textures/Editor/preview_02.png
  artifactKey: Guid(6e0e4de03fd3da04d9dc41072b5f2164) Importer(815301076,1909f56bfc062723c751e8b465ee728b)
Start importing Assets/Textures/Editor/preview_02.png using Guid(6e0e4de03fd3da04d9dc41072b5f2164) Importer(815301076,1909f56bfc062723c751e8b465ee728b)  -> (artifact id: '638d7435b54d8db6b47d3c65436bc90e') in 0.154683 seconds 
  Import took 0.175598 seconds .

========================================================================
Received Import Request.
  Time since last request: 0.000188 seconds.
  path: Assets/Textures/Editor/gameplay_03.png
  artifactKey: Guid(f222209c1b846a545b81fa00e5ee082d) Importer(815301076,1909f56bfc062723c751e8b465ee728b)
Start importing Assets/Textures/Editor/gameplay_03.png using Guid(f222209c1b846a545b81fa00e5ee082d) Importer(815301076,1909f56bfc062723c751e8b465ee728b)  -> (artifact id: 'ac76cac54992d02612d591f2fc3206dc') in 0.186315 seconds 
  Import took 0.215217 seconds .

========================================================================
Received Import Request.
  Time since last request: 0.000205 seconds.
  path: Assets/Textures/Editor/gameplay_02.png
  artifactKey: Guid(0dc8a1769f483e848990375e47cd42c3) Importer(815301076,1909f56bfc062723c751e8b465ee728b)
Start importing Assets/Textures/Editor/gameplay_02.png using Guid(0dc8a1769f483e848990375e47cd42c3) Importer(815301076,1909f56bfc062723c751e8b465ee728b)  -> (artifact id: '73b3b32ab451fd39e1d48139212a02d7') in 0.199835 seconds 
  Import took 0.232111 seconds .

========================================================================
Received Import Request.
  Time since last request: 0.000209 seconds.
  path: Assets/Textures/Editor/preview_03.png
  artifactKey: Guid(aee533fe7df117e499a3f0772b9adafe) Importer(815301076,1909f56bfc062723c751e8b465ee728b)
Start importing Assets/Textures/Editor/preview_03.png using Guid(aee533fe7df117e499a3f0772b9adafe) Importer(815301076,1909f56bfc062723c751e8b465ee728b)  -> (artifact id: '6a5e2c7c69c1ae79cf81c639ea4c1c4d') in 0.101592 seconds 
  Import took 0.140544 seconds .

========================================================================
Received Import Request.
  Time since last request: 0.000196 seconds.
  path: Assets/Textures/Editor/preview_01.png
  artifactKey: Guid(6ae47a09608ff1646ab22fe3380b1c81) Importer(815301076,1909f56bfc062723c751e8b465ee728b)
Start importing Assets/Textures/Editor/preview_01.png using Guid(6ae47a09608ff1646ab22fe3380b1c81) Importer(815301076,1909f56bfc062723c751e8b465ee728b)  -> (artifact id: 'e754fb20d39917d1fa5aa0ffb08e0e78') in 0.271080 seconds 
  Import took 0.289010 seconds .

========================================================================
Received Prepare
Registering precompiled user dll's ...
Registered in 0.261145 seconds.
Begin MonoManager ReloadAssembly
Native extension for WindowsStandalone target not found
Native extension for WebGL target not found
Refreshing native plugins compatible for Editor in 0.92 ms, found 2 plugins.
Preloading 0 native plugins for Editor in 0.00 ms.
Mono: successfully reloaded assembly
- Completed reload, in  2.005 seconds
Platform modules already initialized, skipping
Switching build target platform(19) subTarget(0) extendedPlatform(0) -> platform(13) subTarget(537395200) extendedPlatform(0)
Shader 'Universal Render Pipeline/Particles/Lit': fallback shader 'Universal Render Pipeline/Particles/SimpleLit' not found
Shader 'Universal Render Pipeline/Particles/Lit': fallback shader 'Universal Render Pipeline/Particles/SimpleLit' not found
Refreshing native plugins compatible for Editor in 0.71 ms, found 2 plugins.
Preloading 0 native plugins for Editor in 0.00 ms.
Unloading 2660 Unused Serialized files (Serialized files now loaded: 0)
System memory in use before: 119.1 MB.
System memory in use after: 116.5 MB.

Unloading 46 unused Assets to reduce memory usage. Loaded Objects now: 3176.
Total: 5.816200 ms (FindLiveObjects: 0.317300 ms CreateObjectMapping: 0.118400 ms MarkObjects: 3.312700 ms  DeleteObjects: 2.065100 ms)

AssetImportParameters requested are different than current active one (requested -> active):
  custom:framework-win-MediaFoundation: 216162199b28c13a410421893ffa2e32 -> 
  custom:video-decoder-ogg-theora: a1e56fd34408186e4bbccfd4996cb3dc -> 
  custom:container-muxer-webm: aa71ff27fc2769a1b78a27578f13a17b -> 
  custom:container-demuxer-webm: 4f35f7cbe854078d1ac9338744f61a02 -> 
  custom:container-demuxer-ogg: 62fdf1f143b41e24485cea50d1cbac27 -> 
  custom:video-encoder-webm-vp8: eb34c28f22e8b96e1ab97ce403110664 -> 
  custom:video-decoder-webm-vp8: 9c59270c3fd7afecdb556c50c9e8de78 -> 
  custom:graphics/normal-map-encoding: 01000000000000000000000000000000 -> 02000000000000000000000000000000
  custom:audio-decoder-ogg-vorbis: bf7c407c2cedff20999df2af8eb42d56 -> 
  custom:audio-encoder-webm-vorbis: bf7c407c2cedff20999df2af8eb42d56 -> 
========================================================================
Received Prepare
Registering precompiled user dll's ...
Registered in 0.003766 seconds.
Begin MonoManager ReloadAssembly
Native extension for WindowsStandalone target not found
Native extension for WebGL target not found
Refreshing native plugins compatible for Editor in 0.65 ms, found 2 plugins.
Preloading 0 native plugins for Editor in 0.00 ms.
Mono: successfully reloaded assembly
- Completed reload, in  1.405 seconds
Platform modules already initialized, skipping
Switching build target platform(19) subTarget(0) extendedPlatform(0) -> platform(13) subTarget(537395200) extendedPlatform(0)
Shader 'Universal Render Pipeline/Particles/Lit': fallback shader 'Universal Render Pipeline/Particles/SimpleLit' not found
Shader 'Universal Render Pipeline/Particles/Lit': fallback shader 'Universal Render Pipeline/Particles/SimpleLit' not found
Refreshing native plugins compatible for Editor in 0.85 ms, found 2 plugins.
Preloading 0 native plugins for Editor in 0.00 ms.
Unloading 2660 Unused Serialized files (Serialized files now loaded: 0)
System memory in use before: 119.1 MB.
System memory in use after: 116.5 MB.

Unloading 46 unused Assets to reduce memory usage. Loaded Objects now: 3179.
Total: 4.969300 ms (FindLiveObjects: 0.372300 ms CreateObjectMapping: 0.150300 ms MarkObjects: 2.699200 ms  DeleteObjects: 1.745200 ms)

AssetImportParameters requested are different than current active one (requested -> active):
  custom:framework-win-MediaFoundation: 216162199b28c13a410421893ffa2e32 -> 
  custom:video-decoder-ogg-theora: a1e56fd34408186e4bbccfd4996cb3dc -> 
  custom:container-muxer-webm: aa71ff27fc2769a1b78a27578f13a17b -> 
  custom:container-demuxer-webm: 4f35f7cbe854078d1ac9338744f61a02 -> 
  custom:container-demuxer-ogg: 62fdf1f143b41e24485cea50d1cbac27 -> 
  custom:video-encoder-webm-vp8: eb34c28f22e8b96e1ab97ce403110664 -> 
  custom:video-decoder-webm-vp8: 9c59270c3fd7afecdb556c50c9e8de78 -> 
  custom:graphics/normal-map-encoding: 01000000000000000000000000000000 -> 02000000000000000000000000000000
  custom:audio-decoder-ogg-vorbis: bf7c407c2cedff20999df2af8eb42d56 -> 
  custom:audio-encoder-webm-vorbis: bf7c407c2cedff20999df2af8eb42d56 -> 
========================================================================
Received Prepare
Registering precompiled user dll's ...
Registered in 0.004568 seconds.
Begin MonoManager ReloadAssembly
Native extension for WindowsStandalone target not found
Native extension for WebGL target not found
Refreshing native plugins compatible for Editor in 0.67 ms, found 2 plugins.
Preloading 0 native plugins for Editor in 0.00 ms.
Mono: successfully reloaded assembly
- Completed reload, in  1.481 seconds
Platform modules already initialized, skipping
Switching build target platform(19) subTarget(0) extendedPlatform(0) -> platform(13) subTarget(537395200) extendedPlatform(0)
Shader 'Universal Render Pipeline/Particles/Lit': fallback shader 'Universal Render Pipeline/Particles/SimpleLit' not found
Shader 'Universal Render Pipeline/Particles/Lit': fallback shader 'Universal Render Pipeline/Particles/SimpleLit' not found
Refreshing native plugins compatible for Editor in 0.65 ms, found 2 plugins.
Preloading 0 native plugins for Editor in 0.00 ms.
Unloading 2660 Unused Serialized files (Serialized files now loaded: 0)
System memory in use before: 119.0 MB.
System memory in use after: 116.5 MB.

Unloading 46 unused Assets to reduce memory usage. Loaded Objects now: 3182.
Total: 4.684700 ms (FindLiveObjects: 0.310400 ms CreateObjectMapping: 0.129900 ms MarkObjects: 2.486100 ms  DeleteObjects: 1.756500 ms)

AssetImportParameters requested are different than current active one (requested -> active):
  custom:framework-win-MediaFoundation: 216162199b28c13a410421893ffa2e32 -> 
  custom:video-decoder-ogg-theora: a1e56fd34408186e4bbccfd4996cb3dc -> 
  custom:container-muxer-webm: aa71ff27fc2769a1b78a27578f13a17b -> 
  custom:container-demuxer-webm: 4f35f7cbe854078d1ac9338744f61a02 -> 
  custom:container-demuxer-ogg: 62fdf1f143b41e24485cea50d1cbac27 -> 
  custom:video-encoder-webm-vp8: eb34c28f22e8b96e1ab97ce403110664 -> 
  custom:video-decoder-webm-vp8: 9c59270c3fd7afecdb556c50c9e8de78 -> 
  custom:graphics/normal-map-encoding: 01000000000000000000000000000000 -> 02000000000000000000000000000000
  custom:audio-decoder-ogg-vorbis: bf7c407c2cedff20999df2af8eb42d56 -> 
  custom:audio-encoder-webm-vorbis: bf7c407c2cedff20999df2af8eb42d56 -> 
========================================================================
Received Import Request.
  Time since last request: 432.862835 seconds.
  path: Assets/Scripts/InputTypePrefab.cs
  artifactKey: Guid(5bdf2d4d952c2dd4ba43ff8658702367) Importer(815301076,1909f56bfc062723c751e8b465ee728b)
Start importing Assets/Scripts/InputTypePrefab.cs using Guid(5bdf2d4d952c2dd4ba43ff8658702367) Importer(815301076,1909f56bfc062723c751e8b465ee728b)  -> (artifact id: '57df25027e3efe94666fc15f27837339') in 0.012573 seconds 
  Import took 0.035986 seconds .

========================================================================
Received Import Request.
  Time since last request: 0.013681 seconds.
  path: Assets/Scripts/InputTypePrefab.cs
  artifactKey: Guid(5bdf2d4d952c2dd4ba43ff8658702367) Importer(815301076,1909f56bfc062723c751e8b465ee728b)
Start importing Assets/Scripts/InputTypePrefab.cs using Guid(5bdf2d4d952c2dd4ba43ff8658702367) Importer(815301076,1909f56bfc062723c751e8b465ee728b)  -> (artifact id: '57df25027e3efe94666fc15f27837339') in 0.002958 seconds 
  Import took 0.016751 seconds .

========================================================================
Received Import Request.
  Time since last request: 10.362650 seconds.
  path: Assets/Scripts/Game
  artifactKey: Guid(66a4009d1ab5e7e45a29ee9be6672c6e) Importer(815301076,1909f56bfc062723c751e8b465ee728b)
Start importing Assets/Scripts/Game using Guid(66a4009d1ab5e7e45a29ee9be6672c6e) Importer(815301076,1909f56bfc062723c751e8b465ee728b)  -> (artifact id: 'fbb42194eb2256ba1d499a556605aad2') in 0.018739 seconds 
  Import took 0.051623 seconds .

========================================================================
Received Import Request.
  Time since last request: 1.864986 seconds.
  path: Assets/Scripts/GameManager.cs
  artifactKey: Guid(5656a062a0c108b4896153b5899f345e) Importer(815301076,1909f56bfc062723c751e8b465ee728b)
Start importing Assets/Scripts/GameManager.cs using Guid(5656a062a0c108b4896153b5899f345e) Importer(815301076,1909f56bfc062723c751e8b465ee728b)  -> (artifact id: '6c42d1f8497cbf8e9433ea70c07ff4b2') in 0.006320 seconds 
  Import took 0.028703 seconds .

========================================================================
Received Import Request.
  Time since last request: 0.004292 seconds.
  path: Assets/Scripts/GameManager.cs
  artifactKey: Guid(5656a062a0c108b4896153b5899f345e) Importer(815301076,1909f56bfc062723c751e8b465ee728b)
Start importing Assets/Scripts/GameManager.cs using Guid(5656a062a0c108b4896153b5899f345e) Importer(815301076,1909f56bfc062723c751e8b465ee728b)  -> (artifact id: '6c42d1f8497cbf8e9433ea70c07ff4b2') in 0.002496 seconds 
  Import took 0.008555 seconds .

========================================================================
Received Prepare
Registering precompiled user dll's ...
Registered in 0.004164 seconds.
Begin MonoManager ReloadAssembly
Native extension for WindowsStandalone target not found
Native extension for WebGL target not found
Refreshing native plugins compatible for Editor in 0.69 ms, found 2 plugins.
Preloading 0 native plugins for Editor in 0.00 ms.
Mono: successfully reloaded assembly
- Completed reload, in  2.022 seconds
Platform modules already initialized, skipping
Switching build target platform(19) subTarget(0) extendedPlatform(0) -> platform(13) subTarget(537395200) extendedPlatform(0)
Shader 'Universal Render Pipeline/Particles/Lit': fallback shader 'Universal Render Pipeline/Particles/SimpleLit' not found
Shader 'Universal Render Pipeline/Particles/Lit': fallback shader 'Universal Render Pipeline/Particles/SimpleLit' not found
Refreshing native plugins compatible for Editor in 0.68 ms, found 2 plugins.
Preloading 0 native plugins for Editor in 0.00 ms.
Unloading 2660 Unused Serialized files (Serialized files now loaded: 0)
System memory in use before: 119.1 MB.
System memory in use after: 116.5 MB.

Unloading 46 unused Assets to reduce memory usage. Loaded Objects now: 3185.
Total: 4.599800 ms (FindLiveObjects: 0.288600 ms CreateObjectMapping: 0.124000 ms MarkObjects: 2.403800 ms  DeleteObjects: 1.780900 ms)

AssetImportParameters requested are different than current active one (requested -> active):
  custom:framework-win-MediaFoundation: 216162199b28c13a410421893ffa2e32 -> 
  custom:video-decoder-ogg-theora: a1e56fd34408186e4bbccfd4996cb3dc -> 
  custom:container-muxer-webm: aa71ff27fc2769a1b78a27578f13a17b -> 
  custom:container-demuxer-webm: 4f35f7cbe854078d1ac9338744f61a02 -> 
  custom:container-demuxer-ogg: 62fdf1f143b41e24485cea50d1cbac27 -> 
  custom:video-encoder-webm-vp8: eb34c28f22e8b96e1ab97ce403110664 -> 
  custom:video-decoder-webm-vp8: 9c59270c3fd7afecdb556c50c9e8de78 -> 
  custom:graphics/normal-map-encoding: 01000000000000000000000000000000 -> 02000000000000000000000000000000
  custom:audio-decoder-ogg-vorbis: bf7c407c2cedff20999df2af8eb42d56 -> 
  custom:audio-encoder-webm-vorbis: bf7c407c2cedff20999df2af8eb42d56 -> 
========================================================================
Received Import Request.
  Time since last request: 28.733282 seconds.
  path: Assets/Scripts/UI Line Renderer
  artifactKey: Guid(7ec067648913110498be15727bc0dd43) Importer(815301076,1909f56bfc062723c751e8b465ee728b)
Start importing Assets/Scripts/UI Line Renderer using Guid(7ec067648913110498be15727bc0dd43) Importer(815301076,1909f56bfc062723c751e8b465ee728b)  -> (artifact id: '6c2d9895262dac4d20f5a9a49e959753') in 0.016412 seconds 
  Import took 0.021923 seconds .

========================================================================
Received Prepare
Registering precompiled user dll's ...
Registered in 0.003758 seconds.
Begin MonoManager ReloadAssembly
Native extension for WindowsStandalone target not found
Native extension for WebGL target not found
Refreshing native plugins compatible for Editor in 0.69 ms, found 2 plugins.
Preloading 0 native plugins for Editor in 0.00 ms.
Mono: successfully reloaded assembly
- Completed reload, in  1.698 seconds
Platform modules already initialized, skipping
Switching build target platform(19) subTarget(0) extendedPlatform(0) -> platform(13) subTarget(537395200) extendedPlatform(0)
Shader 'Universal Render Pipeline/Particles/Lit': fallback shader 'Universal Render Pipeline/Particles/SimpleLit' not found
Shader 'Universal Render Pipeline/Particles/Lit': fallback shader 'Universal Render Pipeline/Particles/SimpleLit' not found
Refreshing native plugins compatible for Editor in 1.02 ms, found 2 plugins.
Preloading 0 native plugins for Editor in 0.00 ms.
Unloading 2660 Unused Serialized files (Serialized files now loaded: 0)
System memory in use before: 119.1 MB.
System memory in use after: 116.5 MB.

Unloading 46 unused Assets to reduce memory usage. Loaded Objects now: 3188.
Total: 4.651800 ms (FindLiveObjects: 0.436600 ms CreateObjectMapping: 0.149200 ms MarkObjects: 2.320700 ms  DeleteObjects: 1.742900 ms)

AssetImportParameters requested are different than current active one (requested -> active):
  custom:framework-win-MediaFoundation: 216162199b28c13a410421893ffa2e32 -> 
  custom:video-decoder-ogg-theora: a1e56fd34408186e4bbccfd4996cb3dc -> 
  custom:container-muxer-webm: aa71ff27fc2769a1b78a27578f13a17b -> 
  custom:container-demuxer-webm: 4f35f7cbe854078d1ac9338744f61a02 -> 
  custom:container-demuxer-ogg: 62fdf1f143b41e24485cea50d1cbac27 -> 
  custom:video-encoder-webm-vp8: eb34c28f22e8b96e1ab97ce403110664 -> 
  custom:video-decoder-webm-vp8: 9c59270c3fd7afecdb556c50c9e8de78 -> 
  custom:graphics/normal-map-encoding: 01000000000000000000000000000000 -> 02000000000000000000000000000000
  custom:audio-decoder-ogg-vorbis: bf7c407c2cedff20999df2af8eb42d56 -> 
  custom:audio-encoder-webm-vorbis: bf7c407c2cedff20999df2af8eb42d56 -> 
========================================================================
Received Import Request.
  Time since last request: 24.904643 seconds.
  path: Assets/Scripts/Game/LevelManager.cs
  artifactKey: Guid(9da083acc0ac00244aecce98cf9aa295) Importer(815301076,1909f56bfc062723c751e8b465ee728b)
Start importing Assets/Scripts/Game/LevelManager.cs using Guid(9da083acc0ac00244aecce98cf9aa295) Importer(815301076,1909f56bfc062723c751e8b465ee728b)  -> (artifact id: 'c81e01d40292f6a0b346eb95f1ba700b') in 0.006670 seconds 
  Import took 0.049171 seconds .

========================================================================
Received Import Request.
  Time since last request: 0.024747 seconds.
  path: Assets/Scripts/Game/LevelManager.cs
  artifactKey: Guid(9da083acc0ac00244aecce98cf9aa295) Importer(815301076,1909f56bfc062723c751e8b465ee728b)
Start importing Assets/Scripts/Game/LevelManager.cs using Guid(9da083acc0ac00244aecce98cf9aa295) Importer(815301076,1909f56bfc062723c751e8b465ee728b)  -> (artifact id: 'c81e01d40292f6a0b346eb95f1ba700b') in 0.008415 seconds 
  Import took 0.013644 seconds .

========================================================================
Received Import Request.
  Time since last request: 40.910291 seconds.
  path: Assets/Scripts/Game/RandomLevelManager.cs
  artifactKey: Guid(81ca82ab275935048bfa5f9fbc202a8d) Importer(815301076,1909f56bfc062723c751e8b465ee728b)
Start importing Assets/Scripts/Game/RandomLevelManager.cs using Guid(81ca82ab275935048bfa5f9fbc202a8d) Importer(815301076,1909f56bfc062723c751e8b465ee728b)  -> (artifact id: '94e45c7c4e7bcacb730ce8dce1017ab5') in 0.015175 seconds 
  Import took 0.021173 seconds .

========================================================================
Received Prepare
Registering precompiled user dll's ...
Registered in 0.003753 seconds.
Begin MonoManager ReloadAssembly
Native extension for WindowsStandalone target not found
Native extension for WebGL target not found
Refreshing native plugins compatible for Editor in 0.77 ms, found 2 plugins.
Preloading 0 native plugins for Editor in 0.00 ms.
Mono: successfully reloaded assembly
- Completed reload, in  1.588 seconds
Platform modules already initialized, skipping
Switching build target platform(19) subTarget(0) extendedPlatform(0) -> platform(13) subTarget(537395200) extendedPlatform(0)
Shader 'Universal Render Pipeline/Particles/Lit': fallback shader 'Universal Render Pipeline/Particles/SimpleLit' not found
Shader 'Universal Render Pipeline/Particles/Lit': fallback shader 'Universal Render Pipeline/Particles/SimpleLit' not found
Refreshing native plugins compatible for Editor in 0.71 ms, found 2 plugins.
Preloading 0 native plugins for Editor in 0.00 ms.
Unloading 2661 Unused Serialized files (Serialized files now loaded: 0)
System memory in use before: 119.1 MB.
System memory in use after: 116.5 MB.

Unloading 46 unused Assets to reduce memory usage. Loaded Objects now: 3192.
Total: 4.431100 ms (FindLiveObjects: 0.286100 ms CreateObjectMapping: 0.128900 ms MarkObjects: 2.198600 ms  DeleteObjects: 1.815500 ms)

AssetImportParameters requested are different than current active one (requested -> active):
  custom:framework-win-MediaFoundation: 216162199b28c13a410421893ffa2e32 -> 
  custom:video-decoder-ogg-theora: a1e56fd34408186e4bbccfd4996cb3dc -> 
  custom:container-muxer-webm: aa71ff27fc2769a1b78a27578f13a17b -> 
  custom:container-demuxer-webm: 4f35f7cbe854078d1ac9338744f61a02 -> 
  custom:container-demuxer-ogg: 62fdf1f143b41e24485cea50d1cbac27 -> 
  custom:video-encoder-webm-vp8: eb34c28f22e8b96e1ab97ce403110664 -> 
  custom:video-decoder-webm-vp8: 9c59270c3fd7afecdb556c50c9e8de78 -> 
  custom:graphics/normal-map-encoding: 01000000000000000000000000000000 -> 02000000000000000000000000000000
  custom:audio-decoder-ogg-vorbis: bf7c407c2cedff20999df2af8eb42d56 -> 
  custom:audio-encoder-webm-vorbis: bf7c407c2cedff20999df2af8eb42d56 -> 
========================================================================
Received Prepare
Registering precompiled user dll's ...
Registered in 0.003938 seconds.
Begin MonoManager ReloadAssembly
Native extension for WindowsStandalone target not found
Native extension for WebGL target not found
Refreshing native plugins compatible for Editor in 0.66 ms, found 2 plugins.
Preloading 0 native plugins for Editor in 0.00 ms.
Mono: successfully reloaded assembly
- Completed reload, in  1.469 seconds
Platform modules already initialized, skipping
Switching build target platform(19) subTarget(0) extendedPlatform(0) -> platform(13) subTarget(537395200) extendedPlatform(0)
Shader 'Universal Render Pipeline/Particles/Lit': fallback shader 'Universal Render Pipeline/Particles/SimpleLit' not found
Shader 'Universal Render Pipeline/Particles/Lit': fallback shader 'Universal Render Pipeline/Particles/SimpleLit' not found
Refreshing native plugins compatible for Editor in 0.69 ms, found 2 plugins.
Preloading 0 native plugins for Editor in 0.00 ms.
Unloading 2661 Unused Serialized files (Serialized files now loaded: 0)
System memory in use before: 119.1 MB.
System memory in use after: 116.6 MB.

Unloading 46 unused Assets to reduce memory usage. Loaded Objects now: 3195.
Total: 4.898800 ms (FindLiveObjects: 0.287100 ms CreateObjectMapping: 0.142600 ms MarkObjects: 2.718400 ms  DeleteObjects: 1.748800 ms)

AssetImportParameters requested are different than current active one (requested -> active):
  custom:framework-win-MediaFoundation: 216162199b28c13a410421893ffa2e32 -> 
  custom:video-decoder-ogg-theora: a1e56fd34408186e4bbccfd4996cb3dc -> 
  custom:container-muxer-webm: aa71ff27fc2769a1b78a27578f13a17b -> 
  custom:container-demuxer-webm: 4f35f7cbe854078d1ac9338744f61a02 -> 
  custom:container-demuxer-ogg: 62fdf1f143b41e24485cea50d1cbac27 -> 
  custom:video-encoder-webm-vp8: eb34c28f22e8b96e1ab97ce403110664 -> 
  custom:video-decoder-webm-vp8: 9c59270c3fd7afecdb556c50c9e8de78 -> 
  custom:graphics/normal-map-encoding: 01000000000000000000000000000000 -> 02000000000000000000000000000000
  custom:audio-decoder-ogg-vorbis: bf7c407c2cedff20999df2af8eb42d56 -> 
  custom:audio-encoder-webm-vorbis: bf7c407c2cedff20999df2af8eb42d56 -> 
========================================================================
Received Import Request.
  Time since last request: 106.869606 seconds.
  path: Assets/Scripts/Game/RandomLevelManager.cs
  artifactKey: Guid(81ca82ab275935048bfa5f9fbc202a8d) Importer(815301076,1909f56bfc062723c751e8b465ee728b)
Start importing Assets/Scripts/Game/RandomLevelManager.cs using Guid(81ca82ab275935048bfa5f9fbc202a8d) Importer(815301076,1909f56bfc062723c751e8b465ee728b)  -> (artifact id: '966060805533cc79395fb2e07f589842') in 0.007908 seconds 
  Import took 0.060320 seconds .

========================================================================
Received Prepare
Shader 'Universal Render Pipeline/Particles/Lit': fallback shader 'Universal Render Pipeline/Particles/SimpleLit' not found
Shader 'Universal Render Pipeline/Particles/Lit': fallback shader 'Universal Render Pipeline/Particles/SimpleLit' not found
Refreshing native plugins compatible for Editor in 3.29 ms, found 2 plugins.
Preloading 0 native plugins for Editor in 0.00 ms.
Unloading 44 Unused Serialized files (Serialized files now loaded: 0)
System memory in use before: 68.0 MB.
System memory in use after: 65.4 MB.

Unloading 44 unused Assets to reduce memory usage. Loaded Objects now: 3195.
Total: 5.635200 ms (FindLiveObjects: 0.295600 ms CreateObjectMapping: 0.121200 ms MarkObjects: 2.826900 ms  DeleteObjects: 2.390000 ms)

AssetImportParameters requested are different than current active one (requested -> active):
  custom:framework-win-MediaFoundation: 216162199b28c13a410421893ffa2e32 -> 
  custom:video-decoder-ogg-theora: a1e56fd34408186e4bbccfd4996cb3dc -> 
  custom:container-muxer-webm: aa71ff27fc2769a1b78a27578f13a17b -> 
  custom:container-demuxer-webm: 4f35f7cbe854078d1ac9338744f61a02 -> 
  custom:container-demuxer-ogg: 62fdf1f143b41e24485cea50d1cbac27 -> 
  custom:video-encoder-webm-vp8: eb34c28f22e8b96e1ab97ce403110664 -> 
  custom:video-decoder-webm-vp8: 9c59270c3fd7afecdb556c50c9e8de78 -> 
  custom:audio-decoder-ogg-vorbis: bf7c407c2cedff20999df2af8eb42d56 -> 
  custom:audio-encoder-webm-vorbis: bf7c407c2cedff20999df2af8eb42d56 -> 
========================================================================
Received Prepare
Registering precompiled user dll's ...
Registered in 0.048069 seconds.
Begin MonoManager ReloadAssembly
Native extension for WindowsStandalone target not found
Native extension for WebGL target not found
Refreshing native plugins compatible for Editor in 0.84 ms, found 2 plugins.
Preloading 0 native plugins for Editor in 0.00 ms.
Mono: successfully reloaded assembly
- Completed reload, in  3.073 seconds
Platform modules already initialized, skipping
Switching build target platform(19) subTarget(0) extendedPlatform(0) -> platform(13) subTarget(537395200) extendedPlatform(0)
Shader 'Universal Render Pipeline/Particles/Lit': fallback shader 'Universal Render Pipeline/Particles/SimpleLit' not found
Shader 'Universal Render Pipeline/Particles/Lit': fallback shader 'Universal Render Pipeline/Particles/SimpleLit' not found
Refreshing native plugins compatible for Editor in 7.26 ms, found 2 plugins.
Preloading 0 native plugins for Editor in 0.00 ms.
Unloading 2661 Unused Serialized files (Serialized files now loaded: 0)
System memory in use before: 119.2 MB.
System memory in use after: 116.6 MB.

Unloading 46 unused Assets to reduce memory usage. Loaded Objects now: 3198.
Total: 8.319100 ms (FindLiveObjects: 0.390100 ms CreateObjectMapping: 0.213300 ms MarkObjects: 5.032400 ms  DeleteObjects: 2.680300 ms)

AssetImportParameters requested are different than current active one (requested -> active):
  custom:framework-win-MediaFoundation: 216162199b28c13a410421893ffa2e32 -> 
  custom:video-decoder-ogg-theora: a1e56fd34408186e4bbccfd4996cb3dc -> 
  custom:container-muxer-webm: aa71ff27fc2769a1b78a27578f13a17b -> 
  custom:container-demuxer-webm: 4f35f7cbe854078d1ac9338744f61a02 -> 
  custom:container-demuxer-ogg: 62fdf1f143b41e24485cea50d1cbac27 -> 
  custom:video-encoder-webm-vp8: eb34c28f22e8b96e1ab97ce403110664 -> 
  custom:video-decoder-webm-vp8: 9c59270c3fd7afecdb556c50c9e8de78 -> 
  custom:graphics/normal-map-encoding: 01000000000000000000000000000000 -> 02000000000000000000000000000000
  custom:audio-decoder-ogg-vorbis: bf7c407c2cedff20999df2af8eb42d56 -> 
  custom:audio-encoder-webm-vorbis: bf7c407c2cedff20999df2af8eb42d56 -> 
========================================================================
Received Prepare
Registering precompiled user dll's ...
Registered in 0.004823 seconds.
Begin MonoManager ReloadAssembly
Native extension for WindowsStandalone target not found
Native extension for WebGL target not found
Refreshing native plugins compatible for Editor in 0.70 ms, found 2 plugins.
Preloading 0 native plugins for Editor in 0.00 ms.
Mono: successfully reloaded assembly
- Completed reload, in  1.633 seconds
Platform modules already initialized, skipping
Switching build target platform(19) subTarget(0) extendedPlatform(0) -> platform(13) subTarget(537395200) extendedPlatform(0)
Shader 'Universal Render Pipeline/Particles/Lit': fallback shader 'Universal Render Pipeline/Particles/SimpleLit' not found
Shader 'Universal Render Pipeline/Particles/Lit': fallback shader 'Universal Render Pipeline/Particles/SimpleLit' not found
Refreshing native plugins compatible for Editor in 3.88 ms, found 2 plugins.
Preloading 0 native plugins for Editor in 0.00 ms.
Unloading 2661 Unused Serialized files (Serialized files now loaded: 0)
System memory in use before: 119.2 MB.
System memory in use after: 116.6 MB.

Unloading 46 unused Assets to reduce memory usage. Loaded Objects now: 3201.
Total: 5.812000 ms (FindLiveObjects: 0.301900 ms CreateObjectMapping: 0.126200 ms MarkObjects: 3.028000 ms  DeleteObjects: 2.353700 ms)

AssetImportParameters requested are different than current active one (requested -> active):
  custom:framework-win-MediaFoundation: 216162199b28c13a410421893ffa2e32 -> 
  custom:video-decoder-ogg-theora: a1e56fd34408186e4bbccfd4996cb3dc -> 
  custom:container-muxer-webm: aa71ff27fc2769a1b78a27578f13a17b -> 
  custom:container-demuxer-webm: 4f35f7cbe854078d1ac9338744f61a02 -> 
  custom:container-demuxer-ogg: 62fdf1f143b41e24485cea50d1cbac27 -> 
  custom:video-encoder-webm-vp8: eb34c28f22e8b96e1ab97ce403110664 -> 
  custom:video-decoder-webm-vp8: 9c59270c3fd7afecdb556c50c9e8de78 -> 
  custom:graphics/normal-map-encoding: 01000000000000000000000000000000 -> 02000000000000000000000000000000
  custom:audio-decoder-ogg-vorbis: bf7c407c2cedff20999df2af8eb42d56 -> 
  custom:audio-encoder-webm-vorbis: bf7c407c2cedff20999df2af8eb42d56 -> 
========================================================================
Received Import Request.
  Time since last request: 682.661879 seconds.
  path: Assets/Materials & Shaders/LineRenderer.mat
  artifactKey: Guid(69d174e257f7ee243ac7cf614536a292) Importer(815301076,1909f56bfc062723c751e8b465ee728b)
Start importing Assets/Materials & Shaders/LineRenderer.mat using Guid(69d174e257f7ee243ac7cf614536a292) Importer(815301076,1909f56bfc062723c751e8b465ee728b)  -> (artifact id: 'b44c38d6a7de234963f8ed75dcf0c9ad') in 4.065363 seconds 
  Import took 4.089238 seconds .

========================================================================
Received Import Request.
  Time since last request: 237.973563 seconds.
  path: Assets/Prefabs/Nodes & Tips/Node.prefab
  artifactKey: Guid(8bd4991d4dae53a409af7dd7a23f4d26) Importer(815301076,1909f56bfc062723c751e8b465ee728b)
Start importing Assets/Prefabs/Nodes & Tips/Node.prefab using Guid(8bd4991d4dae53a409af7dd7a23f4d26) Importer(815301076,1909f56bfc062723c751e8b465ee728b)  -> (artifact id: '169a5bf054e7c16787ed1270ab4b1962') in 1.955123 seconds 
  Import took 2.005709 seconds .

========================================================================
Received Import Request.
  Time since last request: 1.282547 seconds.
  path: Assets/Prefabs/Nodes & Tips/Node.prefab
  artifactKey: Guid(8bd4991d4dae53a409af7dd7a23f4d26) Importer(815301076,1909f56bfc062723c751e8b465ee728b)
Start importing Assets/Prefabs/Nodes & Tips/Node.prefab using Guid(8bd4991d4dae53a409af7dd7a23f4d26) Importer(815301076,1909f56bfc062723c751e8b465ee728b)  -> (artifact id: '6dc4625713eacd700e1ea83281a84f89') in 0.276555 seconds 
  Import took 0.300433 seconds .

========================================================================
Received Import Request.
  Time since last request: 0.249845 seconds.
  path: Assets/Prefabs/Nodes & Tips/Node.prefab
  artifactKey: Guid(8bd4991d4dae53a409af7dd7a23f4d26) Importer(815301076,1909f56bfc062723c751e8b465ee728b)
Start importing Assets/Prefabs/Nodes & Tips/Node.prefab using Guid(8bd4991d4dae53a409af7dd7a23f4d26) Importer(815301076,1909f56bfc062723c751e8b465ee728b)  -> (artifact id: '7dc738f3ea042a374b85370c52bb2279') in 0.320840 seconds 
  Import took 0.331809 seconds .

========================================================================
Received Import Request.
  Time since last request: 1.051663 seconds.
  path: Assets/Prefabs/Nodes & Tips/Node.prefab
  artifactKey: Guid(8bd4991d4dae53a409af7dd7a23f4d26) Importer(815301076,1909f56bfc062723c751e8b465ee728b)
Start importing Assets/Prefabs/Nodes & Tips/Node.prefab using Guid(8bd4991d4dae53a409af7dd7a23f4d26) Importer(815301076,1909f56bfc062723c751e8b465ee728b)  -> (artifact id: 'f202ccf99b51eaa78a45954cf03c8c74') in 0.287373 seconds 
  Import took 0.297289 seconds .

========================================================================
Received Import Request.
  Time since last request: 8.059090 seconds.
  path: Assets/Prefabs/Nodes & Tips/Node.prefab
  artifactKey: Guid(8bd4991d4dae53a409af7dd7a23f4d26) Importer(815301076,1909f56bfc062723c751e8b465ee728b)
Start importing Assets/Prefabs/Nodes & Tips/Node.prefab using Guid(8bd4991d4dae53a409af7dd7a23f4d26) Importer(815301076,1909f56bfc062723c751e8b465ee728b)  -> (artifact id: '831aeade9ec53c673fe2608fe4090cf2') in 0.267485 seconds 
  Import took 0.289351 seconds .

========================================================================
Received Import Request.
  Time since last request: 0.737329 seconds.
  path: Assets/Prefabs/Nodes & Tips/Node.prefab
  artifactKey: Guid(8bd4991d4dae53a409af7dd7a23f4d26) Importer(815301076,1909f56bfc062723c751e8b465ee728b)
Start importing Assets/Prefabs/Nodes & Tips/Node.prefab using Guid(8bd4991d4dae53a409af7dd7a23f4d26) Importer(815301076,1909f56bfc062723c751e8b465ee728b)  -> (artifact id: '3ae442643c51db6f4562ee0ac0ef1a9b') in 0.289254 seconds 
  Import took 0.305544 seconds .

========================================================================
Received Import Request.
  Time since last request: 2.494829 seconds.
  path: Assets/Prefabs/Nodes & Tips/Node.prefab
  artifactKey: Guid(8bd4991d4dae53a409af7dd7a23f4d26) Importer(815301076,1909f56bfc062723c751e8b465ee728b)
Start importing Assets/Prefabs/Nodes & Tips/Node.prefab using Guid(8bd4991d4dae53a409af7dd7a23f4d26) Importer(815301076,1909f56bfc062723c751e8b465ee728b)  -> (artifact id: '7c1291d63f1a195361311aa1c4950fbe') in 0.271948 seconds 
  Import took 0.304525 seconds .

========================================================================
Received Import Request.
  Time since last request: 7.440461 seconds.
  path: Assets/Prefabs/Nodes & Tips/Node.prefab
  artifactKey: Guid(8bd4991d4dae53a409af7dd7a23f4d26) Importer(815301076,1909f56bfc062723c751e8b465ee728b)
Start importing Assets/Prefabs/Nodes & Tips/Node.prefab using Guid(8bd4991d4dae53a409af7dd7a23f4d26) Importer(815301076,1909f56bfc062723c751e8b465ee728b)  -> (artifact id: 'a9c019b695036121ced11fdc791a8b3f') in 0.274367 seconds 
  Import took 0.301754 seconds .

========================================================================
Received Import Request.
  Time since last request: 8.956184 seconds.
  path: Assets/Prefabs/Nodes & Tips/Node.prefab
  artifactKey: Guid(8bd4991d4dae53a409af7dd7a23f4d26) Importer(815301076,1909f56bfc062723c751e8b465ee728b)
Start importing Assets/Prefabs/Nodes & Tips/Node.prefab using Guid(8bd4991d4dae53a409af7dd7a23f4d26) Importer(815301076,1909f56bfc062723c751e8b465ee728b)  -> (artifact id: 'eeaadeb50fa27ca4cdf5967cf85a0f22') in 0.275778 seconds 
  Import took 0.310780 seconds .

========================================================================
Received Import Request.
  Time since last request: 0.739905 seconds.
  path: Assets/Prefabs/Nodes & Tips/Node.prefab
  artifactKey: Guid(8bd4991d4dae53a409af7dd7a23f4d26) Importer(815301076,1909f56bfc062723c751e8b465ee728b)
Start importing Assets/Prefabs/Nodes & Tips/Node.prefab using Guid(8bd4991d4dae53a409af7dd7a23f4d26) Importer(815301076,1909f56bfc062723c751e8b465ee728b)  -> (artifact id: '068d973b9c0c3a9764fc4fd81bb400c3') in 0.281400 seconds 
  Import took 0.288554 seconds .

========================================================================
Received Prepare
Registering precompiled user dll's ...
Registered in 0.007134 seconds.
Begin MonoManager ReloadAssembly
Native extension for WindowsStandalone target not found
Native extension for WebGL target not found
Refreshing native plugins compatible for Editor in 2.27 ms, found 2 plugins.
Preloading 0 native plugins for Editor in 0.00 ms.
Mono: successfully reloaded assembly
- Completed reload, in  2.678 seconds
Platform modules already initialized, skipping
Switching build target platform(19) subTarget(0) extendedPlatform(0) -> platform(13) subTarget(537395200) extendedPlatform(0)
Shader 'Universal Render Pipeline/Particles/Lit': fallback shader 'Universal Render Pipeline/Particles/SimpleLit' not found
Shader 'Universal Render Pipeline/Particles/Lit': fallback shader 'Universal Render Pipeline/Particles/SimpleLit' not found
Refreshing native plugins compatible for Editor in 1.37 ms, found 2 plugins.
Preloading 0 native plugins for Editor in 0.00 ms.
Unloading 2661 Unused Serialized files (Serialized files now loaded: 0)
System memory in use before: 124.7 MB.
System memory in use after: 122.1 MB.

Unloading 46 unused Assets to reduce memory usage. Loaded Objects now: 3282.
Total: 11.715800 ms (FindLiveObjects: 1.605500 ms CreateObjectMapping: 0.461700 ms MarkObjects: 3.881800 ms  DeleteObjects: 5.764100 ms)

AssetImportParameters requested are different than current active one (requested -> active):
  custom:framework-win-MediaFoundation: 216162199b28c13a410421893ffa2e32 -> 
  custom:video-decoder-ogg-theora: a1e56fd34408186e4bbccfd4996cb3dc -> 
  custom:container-muxer-webm: aa71ff27fc2769a1b78a27578f13a17b -> 
  custom:container-demuxer-webm: 4f35f7cbe854078d1ac9338744f61a02 -> 
  custom:container-demuxer-ogg: 62fdf1f143b41e24485cea50d1cbac27 -> 
  custom:video-encoder-webm-vp8: eb34c28f22e8b96e1ab97ce403110664 -> 
  custom:video-decoder-webm-vp8: 9c59270c3fd7afecdb556c50c9e8de78 -> 
  custom:graphics/normal-map-encoding: 01000000000000000000000000000000 -> 02000000000000000000000000000000
  custom:audio-decoder-ogg-vorbis: bf7c407c2cedff20999df2af8eb42d56 -> 
  custom:audio-encoder-webm-vorbis: bf7c407c2cedff20999df2af8eb42d56 -> 
========================================================================
Received Import Request.
  Time since last request: 378.547783 seconds.
  path: Assets/Prefabs/Nodes & Tips/Node.prefab
  artifactKey: Guid(8bd4991d4dae53a409af7dd7a23f4d26) Importer(815301076,1909f56bfc062723c751e8b465ee728b)
Start importing Assets/Prefabs/Nodes & Tips/Node.prefab using Guid(8bd4991d4dae53a409af7dd7a23f4d26) Importer(815301076,1909f56bfc062723c751e8b465ee728b)  -> (artifact id: '6ae82ca7473a58fd58dfcad3a2805736') in 0.388991 seconds 
  Import took 0.397911 seconds .

========================================================================
Received Import Request.
  Time since last request: 6.625652 seconds.
  path: Assets/Prefabs/Nodes & Tips/NodeInput.prefab
  artifactKey: Guid(943bafa354a032a44b51b4d62a8e4323) Importer(815301076,1909f56bfc062723c751e8b465ee728b)
Start importing Assets/Prefabs/Nodes & Tips/NodeInput.prefab using Guid(943bafa354a032a44b51b4d62a8e4323) Importer(815301076,1909f56bfc062723c751e8b465ee728b)  -> (artifact id: '62e8f476f80c92a4de216a0a427e9055') in 3.488215 seconds 
  Import took 3.519473 seconds .

========================================================================
Received Import Request.
  Time since last request: 82.330564 seconds.
  path: Assets/Prefabs/NodeInput Variants/AnimNodeInput.prefab
  artifactKey: Guid(5335cdf4ab6e1204889fe6d49ad1559e) Importer(815301076,1909f56bfc062723c751e8b465ee728b)
Start importing Assets/Prefabs/NodeInput Variants/AnimNodeInput.prefab using Guid(5335cdf4ab6e1204889fe6d49ad1559e) Importer(815301076,1909f56bfc062723c751e8b465ee728b)  -> (artifact id: '2fd91c37767d328e60105c326288c37c') in 0.334255 seconds 
  Import took 0.342075 seconds .

========================================================================
Received Import Request.
  Time since last request: 0.002979 seconds.
  path: Assets/Prefabs/NodeInput Variants/AnimNodeInput.prefab
  artifactKey: Guid(5335cdf4ab6e1204889fe6d49ad1559e) Importer(815301076,1909f56bfc062723c751e8b465ee728b)
Start importing Assets/Prefabs/NodeInput Variants/AnimNodeInput.prefab using Guid(5335cdf4ab6e1204889fe6d49ad1559e) Importer(815301076,1909f56bfc062723c751e8b465ee728b)  -> (artifact id: '2fd91c37767d328e60105c326288c37c') in 0.303441 seconds 
  Import took 0.311874 seconds .

========================================================================
Received Prepare
Registering precompiled user dll's ...
Registered in 0.003805 seconds.
Begin MonoManager ReloadAssembly
Native extension for WindowsStandalone target not found
Native extension for WebGL target not found
Refreshing native plugins compatible for Editor in 0.79 ms, found 2 plugins.
Preloading 0 native plugins for Editor in 0.00 ms.
Mono: successfully reloaded assembly
- Completed reload, in  1.662 seconds
Platform modules already initialized, skipping
Switching build target platform(19) subTarget(0) extendedPlatform(0) -> platform(13) subTarget(537395200) extendedPlatform(0)
Shader 'Universal Render Pipeline/Particles/Lit': fallback shader 'Universal Render Pipeline/Particles/SimpleLit' not found
Shader 'Universal Render Pipeline/Particles/Lit': fallback shader 'Universal Render Pipeline/Particles/SimpleLit' not found
Refreshing native plugins compatible for Editor in 0.66 ms, found 2 plugins.
Preloading 0 native plugins for Editor in 0.00 ms.
Unloading 2661 Unused Serialized files (Serialized files now loaded: 0)
System memory in use before: 124.7 MB.
System memory in use after: 122.1 MB.

Unloading 46 unused Assets to reduce memory usage. Loaded Objects now: 3285.
Total: 4.495800 ms (FindLiveObjects: 0.334700 ms CreateObjectMapping: 0.119500 ms MarkObjects: 2.347200 ms  DeleteObjects: 1.692800 ms)

AssetImportParameters requested are different than current active one (requested -> active):
  custom:framework-win-MediaFoundation: 216162199b28c13a410421893ffa2e32 -> 
  custom:video-decoder-ogg-theora: a1e56fd34408186e4bbccfd4996cb3dc -> 
  custom:container-muxer-webm: aa71ff27fc2769a1b78a27578f13a17b -> 
  custom:container-demuxer-webm: 4f35f7cbe854078d1ac9338744f61a02 -> 
  custom:container-demuxer-ogg: 62fdf1f143b41e24485cea50d1cbac27 -> 
  custom:video-encoder-webm-vp8: eb34c28f22e8b96e1ab97ce403110664 -> 
  custom:video-decoder-webm-vp8: 9c59270c3fd7afecdb556c50c9e8de78 -> 
  custom:graphics/normal-map-encoding: 01000000000000000000000000000000 -> 02000000000000000000000000000000
  custom:audio-decoder-ogg-vorbis: bf7c407c2cedff20999df2af8eb42d56 -> 
  custom:audio-encoder-webm-vorbis: bf7c407c2cedff20999df2af8eb42d56 -> 
========================================================================
Received Import Request.
  Time since last request: 10.530192 seconds.
  path: Assets/Prefabs/Game/LevelManager.prefab
  artifactKey: Guid(b046206f2baca5a48803227ee1776c42) Importer(815301076,1909f56bfc062723c751e8b465ee728b)
Start importing Assets/Prefabs/Game/LevelManager.prefab using Guid(b046206f2baca5a48803227ee1776c42) Importer(815301076,1909f56bfc062723c751e8b465ee728b)  -> (artifact id: '3bb41b46b9e60abc6c4ec592f9f13bf6') in 0.894925 seconds 
  Import took 0.902926 seconds .

