Using pre-set license
Built from '2020.3/release' branch; Version is '2020.3.12f1 (b3b2c6512326) revision 11776710'; Using compiler version '192528614'; Build Type 'Release'
OS: 'Windows 10 Pro; OS build 18363.1256; Version 1909; 64bit' Language: 'ru' Physical Memory: 8149 MB
BatchMode: 1, IsHumanControllingUs: 0, StartBugReporterOnCrash: 0, Is64bit: 1, IsPro: 0

 COMMAND LINE ARGUMENTS:
D:\Programms\UnityHub\Editors\2020.3.12f1\Editor\Unity.exe
-adb2
-batchMode
-noUpm
-name
AssetImportWorker0
-projectPath
D:/Projects/6.Unity Projects/BrackeyGameJam 2021
-logFile
Logs/AssetImportWorker0.log
-srvPort
58385
Successfully changed project path to: D:/Projects/6.Unity Projects/BrackeyGameJam 2021
D:/Projects/6.Unity Projects/BrackeyGameJam 2021
Using Asset Import Pipeline V2.
Refreshing native plugins compatible for Editor in 73.11 ms, found 2 plugins.
Preloading 0 native plugins for Editor in 0.00 ms.
Initialize engine version: 2020.3.12f1 (b3b2c6512326)
[Subsystems] Discovering subsystems at path D:/Programms/UnityHub/Editors/2020.3.12f1/Editor/Data/Resources/UnitySubsystems
[Subsystems] Discovering subsystems at path D:/Projects/6.Unity Projects/BrackeyGameJam 2021/Assets
GfxDevice: creating device client; threaded=0
Direct3D:
    Version:  Direct3D 11.0 [level 11.0]
    Renderer: NVIDIA GeForce GTX 660 (ID=0x11c0)
    Vendor:   
    VRAM:     1998 MB
    Driver:   27.21.14.6079
Initialize mono
Mono path[0] = 'D:/Programms/UnityHub/Editors/2020.3.12f1/Editor/Data/Managed'
Mono path[1] = 'D:/Programms/UnityHub/Editors/2020.3.12f1/Editor/Data/MonoBleedingEdge/lib/mono/unityjit'
Mono config path = 'D:/Programms/UnityHub/Editors/2020.3.12f1/Editor/Data/MonoBleedingEdge/etc'
Using monoOptions --debugger-agent=transport=dt_socket,embedding=1,server=y,suspend=n,address=127.0.0.1:56864
Begin MonoManager ReloadAssembly
Registering precompiled unity dll's ...
Register platform support module: D:/Programms/UnityHub/Editors/2020.3.12f1/Editor/Data/PlaybackEngines/WebGLSupport/UnityEditor.WebGL.Extensions.dll
Register platform support module: D:/Programms/UnityHub/Editors/2020.3.12f1/Editor/Data/PlaybackEngines/WindowsStandaloneSupport/UnityEditor.WindowsStandalone.Extensions.dll
Registered in 0.002904 seconds.
Native extension for WindowsStandalone target not found
Native extension for WebGL target not found
Refreshing native plugins compatible for Editor in 95.15 ms, found 2 plugins.
Preloading 0 native plugins for Editor in 0.00 ms.
Mono: successfully reloaded assembly
- Completed reload, in 20.649 seconds
Platform modules already initialized, skipping
Registering precompiled user dll's ...
Registered in 0.006392 seconds.
Begin MonoManager ReloadAssembly
Native extension for WindowsStandalone target not found
Native extension for WebGL target not found
Refreshing native plugins compatible for Editor in 106.98 ms, found 2 plugins.
Preloading 0 native plugins for Editor in 0.00 ms.
Mono: successfully reloaded assembly
- Completed reload, in  1.968 seconds
Platform modules already initialized, skipping
========================================================================
Worker process is ready to serve import requests
Shader 'Universal Render Pipeline/Particles/Lit': fallback shader 'Universal Render Pipeline/Particles/SimpleLit' not found
Shader 'Universal Render Pipeline/Particles/Lit': fallback shader 'Universal Render Pipeline/Particles/SimpleLit' not found
Launched and connected shader compiler UnityShaderCompiler.exe after 0.08 seconds
Refreshing native plugins compatible for Editor in 0.67 ms, found 2 plugins.
Preloading 0 native plugins for Editor in 0.00 ms.
Unloading 2755 Unused Serialized files (Serialized files now loaded: 0)
System memory in use before: 125.2 MB.
System memory in use after: 122.6 MB.

Unloading 51 unused Assets to reduce memory usage. Loaded Objects now: 3159.
Total: 4.986800 ms (FindLiveObjects: 0.360700 ms CreateObjectMapping: 0.253500 ms MarkObjects: 2.708700 ms  DeleteObjects: 1.662500 ms)

AssetImportParameters requested are different than current active one (requested -> active):
  custom:framework-win-MediaFoundation: 216162199b28c13a410421893ffa2e32 -> 
  custom:video-decoder-ogg-theora: a1e56fd34408186e4bbccfd4996cb3dc -> 
  custom:container-muxer-webm: aa71ff27fc2769a1b78a27578f13a17b -> 
  custom:container-demuxer-webm: 4f35f7cbe854078d1ac9338744f61a02 -> 
  custom:container-demuxer-ogg: 62fdf1f143b41e24485cea50d1cbac27 -> 
  custom:video-encoder-webm-vp8: eb34c28f22e8b96e1ab97ce403110664 -> 
  custom:video-decoder-webm-vp8: 9c59270c3fd7afecdb556c50c9e8de78 -> 
  custom:audio-decoder-ogg-vorbis: bf7c407c2cedff20999df2af8eb42d56 -> 
  custom:audio-encoder-webm-vorbis: bf7c407c2cedff20999df2af8eb42d56 -> 
========================================================================
Received Import Request.
  path: Assets/Scenes/Tutorial_Level_01.unity
  artifactKey: Guid(d1c3109bdb54ad54c8a2b2838528e640) Importer(815301076,1909f56bfc062723c751e8b465ee728b)
Start importing Assets/Scenes/Tutorial_Level_01.unity using Guid(d1c3109bdb54ad54c8a2b2838528e640) Importer(815301076,1909f56bfc062723c751e8b465ee728b)  -> (artifact id: '825cb617eb0026148ac5b1bbc3450478') in 0.045036 seconds 
  Import took 0.099369 seconds .

========================================================================
Received Prepare
Shader 'Universal Render Pipeline/Particles/Lit': fallback shader 'Universal Render Pipeline/Particles/SimpleLit' not found
Shader 'Universal Render Pipeline/Particles/Lit': fallback shader 'Universal Render Pipeline/Particles/SimpleLit' not found
Refreshing native plugins compatible for Editor in 4.04 ms, found 2 plugins.
Preloading 0 native plugins for Editor in 0.00 ms.
Unloading 44 Unused Serialized files (Serialized files now loaded: 0)
System memory in use before: 68.1 MB.
System memory in use after: 65.6 MB.

Unloading 44 unused Assets to reduce memory usage. Loaded Objects now: 3159.
Total: 5.480100 ms (FindLiveObjects: 0.350400 ms CreateObjectMapping: 0.340500 ms MarkObjects: 2.945500 ms  DeleteObjects: 1.842300 ms)

AssetImportParameters requested are different than current active one (requested -> active):
  custom:framework-win-MediaFoundation: 216162199b28c13a410421893ffa2e32 -> 
  custom:video-decoder-ogg-theora: a1e56fd34408186e4bbccfd4996cb3dc -> 
  custom:container-muxer-webm: aa71ff27fc2769a1b78a27578f13a17b -> 
  custom:container-demuxer-webm: 4f35f7cbe854078d1ac9338744f61a02 -> 
  custom:container-demuxer-ogg: 62fdf1f143b41e24485cea50d1cbac27 -> 
  custom:video-encoder-webm-vp8: eb34c28f22e8b96e1ab97ce403110664 -> 
  custom:video-decoder-webm-vp8: 9c59270c3fd7afecdb556c50c9e8de78 -> 
  custom:audio-decoder-ogg-vorbis: bf7c407c2cedff20999df2af8eb42d56 -> 
  custom:audio-encoder-webm-vorbis: bf7c407c2cedff20999df2af8eb42d56 -> 
========================================================================
Received Import Request.
  Time since last request: 10.313700 seconds.
  path: Assets/Scenes/Tutorial_Level_02.unity
  artifactKey: Guid(8d5955e541af591498a12cc6e5b9b503) Importer(815301076,1909f56bfc062723c751e8b465ee728b)
Start importing Assets/Scenes/Tutorial_Level_02.unity using Guid(8d5955e541af591498a12cc6e5b9b503) Importer(815301076,1909f56bfc062723c751e8b465ee728b)  -> (artifact id: '19582bb946cd52d06e14b58f9931a43f') in 0.023858 seconds 
  Import took 0.047029 seconds .

========================================================================
Received Import Request.
  Time since last request: 267.363699 seconds.
  path: Assets/Prefabs/Game/LevelManager.prefab
  artifactKey: Guid(b046206f2baca5a48803227ee1776c42) Importer(815301076,1909f56bfc062723c751e8b465ee728b)
Start importing Assets/Prefabs/Game/LevelManager.prefab using Guid(b046206f2baca5a48803227ee1776c42) Importer(815301076,1909f56bfc062723c751e8b465ee728b)  -> (artifact id: 'f1ef4832048228f3d4758b929d6a89d9') in 6.346582 seconds 
  Import took 6.395190 seconds .

========================================================================
Received Import Request.
  Time since last request: 0.000354 seconds.
  path: Assets/Prefabs/Game/RandomLevelManager.prefab
  artifactKey: Guid(84c81cd0aaf910843bff76573027fbad) Importer(815301076,1909f56bfc062723c751e8b465ee728b)
Start importing Assets/Prefabs/Game/RandomLevelManager.prefab using Guid(84c81cd0aaf910843bff76573027fbad) Importer(815301076,1909f56bfc062723c751e8b465ee728b)  -> (artifact id: 'bae698288ee331a2ead1152dde939be0') in 0.486216 seconds 
  Import took 0.514688 seconds .

========================================================================
Received Import Request.
  Time since last request: 14.460750 seconds.
  path: Assets/Prefabs/Game/RandomLevelManager.prefab
  artifactKey: Guid(84c81cd0aaf910843bff76573027fbad) Importer(815301076,1909f56bfc062723c751e8b465ee728b)
Start importing Assets/Prefabs/Game/RandomLevelManager.prefab using Guid(84c81cd0aaf910843bff76573027fbad) Importer(815301076,1909f56bfc062723c751e8b465ee728b)  -> (artifact id: 'ca6c523704ddc4d66c7cff5af410c8cb') in 0.493358 seconds 
  Import took 0.522424 seconds .

========================================================================
Received Import Request.
  Time since last request: 0.780398 seconds.
  path: Assets/Prefabs/Game/RandomLevelManager.prefab
  artifactKey: Guid(84c81cd0aaf910843bff76573027fbad) Importer(815301076,1909f56bfc062723c751e8b465ee728b)
Start importing Assets/Prefabs/Game/RandomLevelManager.prefab using Guid(84c81cd0aaf910843bff76573027fbad) Importer(815301076,1909f56bfc062723c751e8b465ee728b)  -> (artifact id: '20a2a1cbdee478218712058c7cc6f4fd') in 0.482236 seconds 
  Import took 0.502377 seconds .

========================================================================
Received Import Request.
  Time since last request: 1.123995 seconds.
  path: Assets/Prefabs/Game/RandomLevelManager.prefab
  artifactKey: Guid(84c81cd0aaf910843bff76573027fbad) Importer(815301076,1909f56bfc062723c751e8b465ee728b)
Start importing Assets/Prefabs/Game/RandomLevelManager.prefab using Guid(84c81cd0aaf910843bff76573027fbad) Importer(815301076,1909f56bfc062723c751e8b465ee728b)  -> (artifact id: '28355158084f5c28842162b503cfbe83') in 0.507791 seconds 
  Import took 0.540805 seconds .

========================================================================
Received Import Request.
  Time since last request: 19.924034 seconds.
  path: Assets/Prefabs/Game/RandomLevelManager.prefab
  artifactKey: Guid(84c81cd0aaf910843bff76573027fbad) Importer(815301076,1909f56bfc062723c751e8b465ee728b)
Start importing Assets/Prefabs/Game/RandomLevelManager.prefab using Guid(84c81cd0aaf910843bff76573027fbad) Importer(815301076,1909f56bfc062723c751e8b465ee728b)  -> (artifact id: '4ef43c703b9f7cf9a12899de3a4dbbe7') in 0.466010 seconds 
  Import took 0.540912 seconds .

========================================================================
Received Import Request.
  Time since last request: 10.866473 seconds.
  path: Assets/Scripts/Editor
  artifactKey: Guid(d16e4ebcd33886b4fac3d0befb687cf5) Importer(815301076,1909f56bfc062723c751e8b465ee728b)
Start importing Assets/Scripts/Editor using Guid(d16e4ebcd33886b4fac3d0befb687cf5) Importer(815301076,1909f56bfc062723c751e8b465ee728b)  -> (artifact id: '515218db597426314c6bb5dd56bc73f4') in 0.027052 seconds 
  Import took 0.033720 seconds .

========================================================================
Received Prepare
Registering precompiled user dll's ...
Registered in 0.004434 seconds.
Begin MonoManager ReloadAssembly
Native extension for WindowsStandalone target not found
Native extension for WebGL target not found
Refreshing native plugins compatible for Editor in 0.65 ms, found 2 plugins.
Preloading 0 native plugins for Editor in 0.00 ms.
Mono: successfully reloaded assembly
- Completed reload, in  1.269 seconds
Platform modules already initialized, skipping
Switching build target platform(19) subTarget(0) extendedPlatform(0) -> platform(13) subTarget(537395200) extendedPlatform(0)
Shader 'Universal Render Pipeline/Particles/Lit': fallback shader 'Universal Render Pipeline/Particles/SimpleLit' not found
Shader 'Universal Render Pipeline/Particles/Lit': fallback shader 'Universal Render Pipeline/Particles/SimpleLit' not found
Refreshing native plugins compatible for Editor in 0.67 ms, found 2 plugins.
Preloading 0 native plugins for Editor in 0.00 ms.
Unloading 2667 Unused Serialized files (Serialized files now loaded: 0)
System memory in use before: 119.6 MB.
System memory in use after: 117.0 MB.

Unloading 46 unused Assets to reduce memory usage. Loaded Objects now: 3162.
Total: 4.508000 ms (FindLiveObjects: 0.285900 ms CreateObjectMapping: 0.125500 ms MarkObjects: 2.346300 ms  DeleteObjects: 1.747600 ms)

AssetImportParameters requested are different than current active one (requested -> active):
  custom:framework-win-MediaFoundation: 216162199b28c13a410421893ffa2e32 -> 
  custom:video-decoder-ogg-theora: a1e56fd34408186e4bbccfd4996cb3dc -> 
  custom:container-muxer-webm: aa71ff27fc2769a1b78a27578f13a17b -> 
  custom:container-demuxer-webm: 4f35f7cbe854078d1ac9338744f61a02 -> 
  custom:container-demuxer-ogg: 62fdf1f143b41e24485cea50d1cbac27 -> 
  custom:video-encoder-webm-vp8: eb34c28f22e8b96e1ab97ce403110664 -> 
  custom:video-decoder-webm-vp8: 9c59270c3fd7afecdb556c50c9e8de78 -> 
  custom:graphics/normal-map-encoding: 01000000000000000000000000000000 -> 02000000000000000000000000000000
  custom:audio-decoder-ogg-vorbis: bf7c407c2cedff20999df2af8eb42d56 -> 
  custom:audio-encoder-webm-vorbis: bf7c407c2cedff20999df2af8eb42d56 -> 
========================================================================
Received Prepare
Registering precompiled user dll's ...
Registered in 0.003667 seconds.
Begin MonoManager ReloadAssembly
Native extension for WindowsStandalone target not found
Native extension for WebGL target not found
Refreshing native plugins compatible for Editor in 0.69 ms, found 2 plugins.
Preloading 0 native plugins for Editor in 0.00 ms.
Mono: successfully reloaded assembly
- Completed reload, in  1.282 seconds
Platform modules already initialized, skipping
Switching build target platform(19) subTarget(0) extendedPlatform(0) -> platform(13) subTarget(537395200) extendedPlatform(0)
Shader 'Universal Render Pipeline/Particles/Lit': fallback shader 'Universal Render Pipeline/Particles/SimpleLit' not found
Shader 'Universal Render Pipeline/Particles/Lit': fallback shader 'Universal Render Pipeline/Particles/SimpleLit' not found
Refreshing native plugins compatible for Editor in 0.67 ms, found 2 plugins.
Preloading 0 native plugins for Editor in 0.00 ms.
Unloading 2667 Unused Serialized files (Serialized files now loaded: 0)
System memory in use before: 119.6 MB.
System memory in use after: 117.1 MB.

Unloading 46 unused Assets to reduce memory usage. Loaded Objects now: 3165.
Total: 4.418600 ms (FindLiveObjects: 0.280000 ms CreateObjectMapping: 0.121500 ms MarkObjects: 2.285300 ms  DeleteObjects: 1.730000 ms)

AssetImportParameters requested are different than current active one (requested -> active):
  custom:framework-win-MediaFoundation: 216162199b28c13a410421893ffa2e32 -> 
  custom:video-decoder-ogg-theora: a1e56fd34408186e4bbccfd4996cb3dc -> 
  custom:container-muxer-webm: aa71ff27fc2769a1b78a27578f13a17b -> 
  custom:container-demuxer-webm: 4f35f7cbe854078d1ac9338744f61a02 -> 
  custom:container-demuxer-ogg: 62fdf1f143b41e24485cea50d1cbac27 -> 
  custom:video-encoder-webm-vp8: eb34c28f22e8b96e1ab97ce403110664 -> 
  custom:video-decoder-webm-vp8: 9c59270c3fd7afecdb556c50c9e8de78 -> 
  custom:graphics/normal-map-encoding: 01000000000000000000000000000000 -> 02000000000000000000000000000000
  custom:audio-decoder-ogg-vorbis: bf7c407c2cedff20999df2af8eb42d56 -> 
  custom:audio-encoder-webm-vorbis: bf7c407c2cedff20999df2af8eb42d56 -> 
========================================================================
Received Prepare
Registering precompiled user dll's ...
Registered in 0.004234 seconds.
Begin MonoManager ReloadAssembly
Native extension for WindowsStandalone target not found
Native extension for WebGL target not found
Refreshing native plugins compatible for Editor in 0.87 ms, found 2 plugins.
Preloading 0 native plugins for Editor in 0.00 ms.
Mono: successfully reloaded assembly
- Completed reload, in  1.464 seconds
Platform modules already initialized, skipping
Switching build target platform(19) subTarget(0) extendedPlatform(0) -> platform(13) subTarget(537395200) extendedPlatform(0)
Shader 'Universal Render Pipeline/Particles/Lit': fallback shader 'Universal Render Pipeline/Particles/SimpleLit' not found
Shader 'Universal Render Pipeline/Particles/Lit': fallback shader 'Universal Render Pipeline/Particles/SimpleLit' not found
Refreshing native plugins compatible for Editor in 0.66 ms, found 2 plugins.
Preloading 0 native plugins for Editor in 0.00 ms.
Unloading 2666 Unused Serialized files (Serialized files now loaded: 0)
System memory in use before: 119.6 MB.
System memory in use after: 117.1 MB.

Unloading 47 unused Assets to reduce memory usage. Loaded Objects now: 3167.
Total: 5.082900 ms (FindLiveObjects: 0.459300 ms CreateObjectMapping: 0.202000 ms MarkObjects: 2.703000 ms  DeleteObjects: 1.716700 ms)

AssetImportParameters requested are different than current active one (requested -> active):
  custom:framework-win-MediaFoundation: 216162199b28c13a410421893ffa2e32 -> 
  custom:video-decoder-ogg-theora: a1e56fd34408186e4bbccfd4996cb3dc -> 
  custom:container-muxer-webm: aa71ff27fc2769a1b78a27578f13a17b -> 
  custom:container-demuxer-webm: 4f35f7cbe854078d1ac9338744f61a02 -> 
  custom:container-demuxer-ogg: 62fdf1f143b41e24485cea50d1cbac27 -> 
  custom:video-encoder-webm-vp8: eb34c28f22e8b96e1ab97ce403110664 -> 
  custom:video-decoder-webm-vp8: 9c59270c3fd7afecdb556c50c9e8de78 -> 
  custom:graphics/normal-map-encoding: 01000000000000000000000000000000 -> 02000000000000000000000000000000
  custom:audio-decoder-ogg-vorbis: bf7c407c2cedff20999df2af8eb42d56 -> 
  custom:audio-encoder-webm-vorbis: bf7c407c2cedff20999df2af8eb42d56 -> 
========================================================================
Received Import Request.
  Time since last request: 418.253072 seconds.
  path: Assets/Scripts/UI/UISizeAnimator.cs
  artifactKey: Guid(db661a7e067749c4d9d09160e4f6787a) Importer(815301076,1909f56bfc062723c751e8b465ee728b)
Start importing Assets/Scripts/UI/UISizeAnimator.cs using Guid(db661a7e067749c4d9d09160e4f6787a) Importer(815301076,1909f56bfc062723c751e8b465ee728b)  -> (artifact id: '1ad1b952e883aa2c8ec31459e1a209aa') in 0.056461 seconds 
  Import took 0.101245 seconds .

========================================================================
Received Prepare
Registering precompiled user dll's ...
Registered in 0.003757 seconds.
Begin MonoManager ReloadAssembly
Native extension for WindowsStandalone target not found
Native extension for WebGL target not found
Refreshing native plugins compatible for Editor in 0.69 ms, found 2 plugins.
Preloading 0 native plugins for Editor in 0.00 ms.
Mono: successfully reloaded assembly
- Completed reload, in  1.268 seconds
Platform modules already initialized, skipping
Switching build target platform(19) subTarget(0) extendedPlatform(0) -> platform(13) subTarget(537395200) extendedPlatform(0)
Shader 'Universal Render Pipeline/Particles/Lit': fallback shader 'Universal Render Pipeline/Particles/SimpleLit' not found
Shader 'Universal Render Pipeline/Particles/Lit': fallback shader 'Universal Render Pipeline/Particles/SimpleLit' not found
Refreshing native plugins compatible for Editor in 0.67 ms, found 2 plugins.
Preloading 0 native plugins for Editor in 0.00 ms.
Unloading 2667 Unused Serialized files (Serialized files now loaded: 0)
System memory in use before: 119.7 MB.
System memory in use after: 117.1 MB.

Unloading 46 unused Assets to reduce memory usage. Loaded Objects now: 3171.
Total: 4.255800 ms (FindLiveObjects: 0.283300 ms CreateObjectMapping: 0.155400 ms MarkObjects: 2.085800 ms  DeleteObjects: 1.729400 ms)

AssetImportParameters requested are different than current active one (requested -> active):
  custom:framework-win-MediaFoundation: 216162199b28c13a410421893ffa2e32 -> 
  custom:video-decoder-ogg-theora: a1e56fd34408186e4bbccfd4996cb3dc -> 
  custom:container-muxer-webm: aa71ff27fc2769a1b78a27578f13a17b -> 
  custom:container-demuxer-webm: 4f35f7cbe854078d1ac9338744f61a02 -> 
  custom:container-demuxer-ogg: 62fdf1f143b41e24485cea50d1cbac27 -> 
  custom:video-encoder-webm-vp8: eb34c28f22e8b96e1ab97ce403110664 -> 
  custom:video-decoder-webm-vp8: 9c59270c3fd7afecdb556c50c9e8de78 -> 
  custom:graphics/normal-map-encoding: 01000000000000000000000000000000 -> 02000000000000000000000000000000
  custom:audio-decoder-ogg-vorbis: bf7c407c2cedff20999df2af8eb42d56 -> 
  custom:audio-encoder-webm-vorbis: bf7c407c2cedff20999df2af8eb42d56 -> 
========================================================================
Received Import Request.
  Time since last request: 24.255081 seconds.
  path: Assets/Prefabs/Nodes & Tips/Node.prefab
  artifactKey: Guid(8bd4991d4dae53a409af7dd7a23f4d26) Importer(815301076,1909f56bfc062723c751e8b465ee728b)
Start importing Assets/Prefabs/Nodes & Tips/Node.prefab using Guid(8bd4991d4dae53a409af7dd7a23f4d26) Importer(815301076,1909f56bfc062723c751e8b465ee728b)  -> (artifact id: '6489306949e37b9074a7e22a174ae803') in 0.369035 seconds 
  Import took 0.375966 seconds .

========================================================================
Received Import Request.
  Time since last request: 37.370023 seconds.
  path: Assets/Scripts/UI/UIMovable.cs
  artifactKey: Guid(82d70320203b03c408af641663f45aea) Importer(815301076,1909f56bfc062723c751e8b465ee728b)
Start importing Assets/Scripts/UI/UIMovable.cs using Guid(82d70320203b03c408af641663f45aea) Importer(815301076,1909f56bfc062723c751e8b465ee728b)  -> (artifact id: 'dec8992c608e42f86e1358e7fd5f6b81') in 0.013207 seconds 
  Import took 0.039238 seconds .

========================================================================
Received Import Request.
  Time since last request: 0.002240 seconds.
  path: Assets/Scripts/UI/UIMovable.cs
  artifactKey: Guid(82d70320203b03c408af641663f45aea) Importer(815301076,1909f56bfc062723c751e8b465ee728b)
Start importing Assets/Scripts/UI/UIMovable.cs using Guid(82d70320203b03c408af641663f45aea) Importer(815301076,1909f56bfc062723c751e8b465ee728b)  -> (artifact id: 'dec8992c608e42f86e1358e7fd5f6b81') in 0.005642 seconds 
  Import took 0.015041 seconds .

========================================================================
Received Prepare
Registering precompiled user dll's ...
Registered in 0.003681 seconds.
Begin MonoManager ReloadAssembly
Native extension for WindowsStandalone target not found
Native extension for WebGL target not found
Refreshing native plugins compatible for Editor in 0.67 ms, found 2 plugins.
Preloading 0 native plugins for Editor in 0.00 ms.
Mono: successfully reloaded assembly
- Completed reload, in  1.297 seconds
Platform modules already initialized, skipping
Switching build target platform(19) subTarget(0) extendedPlatform(0) -> platform(13) subTarget(537395200) extendedPlatform(0)
Shader 'Universal Render Pipeline/Particles/Lit': fallback shader 'Universal Render Pipeline/Particles/SimpleLit' not found
Shader 'Universal Render Pipeline/Particles/Lit': fallback shader 'Universal Render Pipeline/Particles/SimpleLit' not found
Refreshing native plugins compatible for Editor in 0.70 ms, found 2 plugins.
Preloading 0 native plugins for Editor in 0.00 ms.
Unloading 2668 Unused Serialized files (Serialized files now loaded: 0)
System memory in use before: 119.7 MB.
System memory in use after: 117.2 MB.

Unloading 46 unused Assets to reduce memory usage. Loaded Objects now: 3175.
Total: 6.022600 ms (FindLiveObjects: 0.425600 ms CreateObjectMapping: 0.372800 ms MarkObjects: 3.175400 ms  DeleteObjects: 2.046900 ms)

AssetImportParameters requested are different than current active one (requested -> active):
  custom:framework-win-MediaFoundation: 216162199b28c13a410421893ffa2e32 -> 
  custom:video-decoder-ogg-theora: a1e56fd34408186e4bbccfd4996cb3dc -> 
  custom:container-muxer-webm: aa71ff27fc2769a1b78a27578f13a17b -> 
  custom:container-demuxer-webm: 4f35f7cbe854078d1ac9338744f61a02 -> 
  custom:container-demuxer-ogg: 62fdf1f143b41e24485cea50d1cbac27 -> 
  custom:video-encoder-webm-vp8: eb34c28f22e8b96e1ab97ce403110664 -> 
  custom:video-decoder-webm-vp8: 9c59270c3fd7afecdb556c50c9e8de78 -> 
  custom:graphics/normal-map-encoding: 01000000000000000000000000000000 -> 02000000000000000000000000000000
  custom:audio-decoder-ogg-vorbis: bf7c407c2cedff20999df2af8eb42d56 -> 
  custom:audio-encoder-webm-vorbis: bf7c407c2cedff20999df2af8eb42d56 -> 
========================================================================
Received Import Request.
  Time since last request: 5.226021 seconds.
  path: Assets/Prefabs/Nodes Variants/Math Node.prefab
  artifactKey: Guid(6eda1fe2a68832c43852cb9e54b48fc8) Importer(815301076,1909f56bfc062723c751e8b465ee728b)
Start importing Assets/Prefabs/Nodes Variants/Math Node.prefab using Guid(6eda1fe2a68832c43852cb9e54b48fc8) Importer(815301076,1909f56bfc062723c751e8b465ee728b)  -> (artifact id: 'e4b99f312b17f91b56cbbe4f0e6e0de8') in 0.568573 seconds 
  Import took 0.591595 seconds .

========================================================================
Received Import Request.
  Time since last request: 0.000275 seconds.
  path: Assets/Prefabs/Nodes Variants/Data Node.prefab
  artifactKey: Guid(eee300ef4a1a2da43b51c7a9c1b248a0) Importer(815301076,1909f56bfc062723c751e8b465ee728b)
Start importing Assets/Prefabs/Nodes Variants/Data Node.prefab using Guid(eee300ef4a1a2da43b51c7a9c1b248a0) Importer(815301076,1909f56bfc062723c751e8b465ee728b)  -> (artifact id: 'b173fdb0531aa52becf09d02e25776cc') in 0.521291 seconds 
  Import took 0.543842 seconds .

========================================================================
Received Import Request.
  Time since last request: 7.565557 seconds.
  path: Assets/Prefabs/Nodes & Tips/Node.prefab
  artifactKey: Guid(8bd4991d4dae53a409af7dd7a23f4d26) Importer(815301076,1909f56bfc062723c751e8b465ee728b)
Start importing Assets/Prefabs/Nodes & Tips/Node.prefab using Guid(8bd4991d4dae53a409af7dd7a23f4d26) Importer(815301076,1909f56bfc062723c751e8b465ee728b)  -> (artifact id: 'b92bda7f9ce0836c02cbdff893976250') in 0.262630 seconds 
  Import took 0.290620 seconds .

========================================================================
Received Import Request.
  Time since last request: 5.819741 seconds.
  path: Assets/Prefabs/Nodes Variants/Data Node.prefab
  artifactKey: Guid(eee300ef4a1a2da43b51c7a9c1b248a0) Importer(815301076,1909f56bfc062723c751e8b465ee728b)
Start importing Assets/Prefabs/Nodes Variants/Data Node.prefab using Guid(eee300ef4a1a2da43b51c7a9c1b248a0) Importer(815301076,1909f56bfc062723c751e8b465ee728b)  -> (artifact id: '169f49a27cc70f1bb4160d441e4445df') in 0.491080 seconds 
  Import took 0.521442 seconds .

========================================================================
Received Import Request.
  Time since last request: 0.000299 seconds.
  path: Assets/Prefabs/Nodes Variants/Math Node.prefab
  artifactKey: Guid(6eda1fe2a68832c43852cb9e54b48fc8) Importer(815301076,1909f56bfc062723c751e8b465ee728b)
Start importing Assets/Prefabs/Nodes Variants/Math Node.prefab using Guid(6eda1fe2a68832c43852cb9e54b48fc8) Importer(815301076,1909f56bfc062723c751e8b465ee728b)  -> (artifact id: '6a1c89341415720711ebb6297b87cead') in 0.480798 seconds 
  Import took 0.496223 seconds .

========================================================================
Received Import Request.
  Time since last request: 0.000369 seconds.
  path: Assets/Prefabs/Nodes Variants/Data Node.prefab
  artifactKey: Guid(eee300ef4a1a2da43b51c7a9c1b248a0) Importer(815301076,1909f56bfc062723c751e8b465ee728b)
Start importing Assets/Prefabs/Nodes Variants/Data Node.prefab using Guid(eee300ef4a1a2da43b51c7a9c1b248a0) Importer(815301076,1909f56bfc062723c751e8b465ee728b)  -> (artifact id: '169f49a27cc70f1bb4160d441e4445df') in 0.475945 seconds 
  Import took 0.484429 seconds .

========================================================================
Received Prepare
Registering precompiled user dll's ...
Registered in 0.003975 seconds.
Begin MonoManager ReloadAssembly
Native extension for WindowsStandalone target not found
Native extension for WebGL target not found
Refreshing native plugins compatible for Editor in 0.65 ms, found 2 plugins.
Preloading 0 native plugins for Editor in 0.00 ms.
Mono: successfully reloaded assembly
- Completed reload, in  1.310 seconds
Platform modules already initialized, skipping
Switching build target platform(19) subTarget(0) extendedPlatform(0) -> platform(13) subTarget(537395200) extendedPlatform(0)
Shader 'Universal Render Pipeline/Particles/Lit': fallback shader 'Universal Render Pipeline/Particles/SimpleLit' not found
Shader 'Universal Render Pipeline/Particles/Lit': fallback shader 'Universal Render Pipeline/Particles/SimpleLit' not found
Refreshing native plugins compatible for Editor in 0.66 ms, found 2 plugins.
Preloading 0 native plugins for Editor in 0.00 ms.
Unloading 2668 Unused Serialized files (Serialized files now loaded: 0)
System memory in use before: 119.8 MB.
System memory in use after: 117.2 MB.

Unloading 46 unused Assets to reduce memory usage. Loaded Objects now: 3178.
Total: 4.248900 ms (FindLiveObjects: 0.261300 ms CreateObjectMapping: 0.115600 ms MarkObjects: 2.130600 ms  DeleteObjects: 1.739300 ms)

AssetImportParameters requested are different than current active one (requested -> active):
  custom:framework-win-MediaFoundation: 216162199b28c13a410421893ffa2e32 -> 
  custom:video-decoder-ogg-theora: a1e56fd34408186e4bbccfd4996cb3dc -> 
  custom:container-muxer-webm: aa71ff27fc2769a1b78a27578f13a17b -> 
  custom:container-demuxer-webm: 4f35f7cbe854078d1ac9338744f61a02 -> 
  custom:container-demuxer-ogg: 62fdf1f143b41e24485cea50d1cbac27 -> 
  custom:video-encoder-webm-vp8: eb34c28f22e8b96e1ab97ce403110664 -> 
  custom:video-decoder-webm-vp8: 9c59270c3fd7afecdb556c50c9e8de78 -> 
  custom:graphics/normal-map-encoding: 01000000000000000000000000000000 -> 02000000000000000000000000000000
  custom:audio-decoder-ogg-vorbis: bf7c407c2cedff20999df2af8eb42d56 -> 
  custom:audio-encoder-webm-vorbis: bf7c407c2cedff20999df2af8eb42d56 -> 
========================================================================
Received Import Request.
  Time since last request: 328.934624 seconds.
  path: Assets/Prefabs/Nodes Variants/Data Node.prefab
  artifactKey: Guid(eee300ef4a1a2da43b51c7a9c1b248a0) Importer(815301076,1909f56bfc062723c751e8b465ee728b)
Start importing Assets/Prefabs/Nodes Variants/Data Node.prefab using Guid(eee300ef4a1a2da43b51c7a9c1b248a0) Importer(815301076,1909f56bfc062723c751e8b465ee728b)  -> (artifact id: 'c3c9177008ab7c625ea583c89bdf2cc8') in 0.550809 seconds 
  Import took 0.559436 seconds .

========================================================================
Received Prepare
Registering precompiled user dll's ...
Registered in 0.003889 seconds.
Begin MonoManager ReloadAssembly
Native extension for WindowsStandalone target not found
Native extension for WebGL target not found
Refreshing native plugins compatible for Editor in 0.81 ms, found 2 plugins.
Preloading 0 native plugins for Editor in 0.00 ms.
Mono: successfully reloaded assembly
- Completed reload, in  1.344 seconds
Platform modules already initialized, skipping
Switching build target platform(19) subTarget(0) extendedPlatform(0) -> platform(13) subTarget(537395200) extendedPlatform(0)
Shader 'Universal Render Pipeline/Particles/Lit': fallback shader 'Universal Render Pipeline/Particles/SimpleLit' not found
Shader 'Universal Render Pipeline/Particles/Lit': fallback shader 'Universal Render Pipeline/Particles/SimpleLit' not found
Refreshing native plugins compatible for Editor in 0.70 ms, found 2 plugins.
Preloading 0 native plugins for Editor in 0.00 ms.
Unloading 2668 Unused Serialized files (Serialized files now loaded: 0)
System memory in use before: 119.7 MB.
System memory in use after: 117.2 MB.

Unloading 46 unused Assets to reduce memory usage. Loaded Objects now: 3181.
Total: 4.515900 ms (FindLiveObjects: 0.299100 ms CreateObjectMapping: 0.118600 ms MarkObjects: 2.296000 ms  DeleteObjects: 1.800500 ms)

AssetImportParameters requested are different than current active one (requested -> active):
  custom:framework-win-MediaFoundation: 216162199b28c13a410421893ffa2e32 -> 
  custom:video-decoder-ogg-theora: a1e56fd34408186e4bbccfd4996cb3dc -> 
  custom:container-muxer-webm: aa71ff27fc2769a1b78a27578f13a17b -> 
  custom:container-demuxer-webm: 4f35f7cbe854078d1ac9338744f61a02 -> 
  custom:container-demuxer-ogg: 62fdf1f143b41e24485cea50d1cbac27 -> 
  custom:video-encoder-webm-vp8: eb34c28f22e8b96e1ab97ce403110664 -> 
  custom:video-decoder-webm-vp8: 9c59270c3fd7afecdb556c50c9e8de78 -> 
  custom:graphics/normal-map-encoding: 01000000000000000000000000000000 -> 02000000000000000000000000000000
  custom:audio-decoder-ogg-vorbis: bf7c407c2cedff20999df2af8eb42d56 -> 
  custom:audio-encoder-webm-vorbis: bf7c407c2cedff20999df2af8eb42d56 -> 
========================================================================
Received Import Request.
  Time since last request: 51.168914 seconds.
  path: Assets/Prefabs/Nodes Variants/Math Node.prefab
  artifactKey: Guid(6eda1fe2a68832c43852cb9e54b48fc8) Importer(815301076,1909f56bfc062723c751e8b465ee728b)
Start importing Assets/Prefabs/Nodes Variants/Math Node.prefab using Guid(6eda1fe2a68832c43852cb9e54b48fc8) Importer(815301076,1909f56bfc062723c751e8b465ee728b)  -> (artifact id: 'df7916c67d0118ded9f7a0065bdd9e65') in 0.556825 seconds 
  Import took 0.588375 seconds .

========================================================================
Received Import Request.
  Time since last request: 0.000280 seconds.
  path: Assets/Prefabs/Nodes & Tips/Node.prefab
  artifactKey: Guid(8bd4991d4dae53a409af7dd7a23f4d26) Importer(815301076,1909f56bfc062723c751e8b465ee728b)
Start importing Assets/Prefabs/Nodes & Tips/Node.prefab using Guid(8bd4991d4dae53a409af7dd7a23f4d26) Importer(815301076,1909f56bfc062723c751e8b465ee728b)  -> (artifact id: 'de9f97349af4fcb85544fdbc8aaaa6a6') in 0.243584 seconds 
  Import took 0.250265 seconds .

========================================================================
Received Import Request.
  Time since last request: 0.020278 seconds.
  path: Assets/Prefabs/Nodes & Tips/Node.prefab
  artifactKey: Guid(8bd4991d4dae53a409af7dd7a23f4d26) Importer(815301076,1909f56bfc062723c751e8b465ee728b)
Start importing Assets/Prefabs/Nodes & Tips/Node.prefab using Guid(8bd4991d4dae53a409af7dd7a23f4d26) Importer(815301076,1909f56bfc062723c751e8b465ee728b)  -> (artifact id: 'de9f97349af4fcb85544fdbc8aaaa6a6') in 0.250829 seconds 
  Import took 0.257465 seconds .

========================================================================
Received Import Request.
  Time since last request: 5.964286 seconds.
  path: Assets/Prefabs/Nodes & Tips/Node.prefab
  artifactKey: Guid(8bd4991d4dae53a409af7dd7a23f4d26) Importer(815301076,1909f56bfc062723c751e8b465ee728b)
Start importing Assets/Prefabs/Nodes & Tips/Node.prefab using Guid(8bd4991d4dae53a409af7dd7a23f4d26) Importer(815301076,1909f56bfc062723c751e8b465ee728b)  -> (artifact id: '60c371b528e6669965995ab4139b1e76') in 0.268517 seconds 
  Import took 0.275833 seconds .

========================================================================
Received Prepare
Registering precompiled user dll's ...
Registered in 0.004527 seconds.
Begin MonoManager ReloadAssembly
Native extension for WindowsStandalone target not found
Native extension for WebGL target not found
Refreshing native plugins compatible for Editor in 0.67 ms, found 2 plugins.
Preloading 0 native plugins for Editor in 0.00 ms.
Mono: successfully reloaded assembly
- Completed reload, in  1.419 seconds
Platform modules already initialized, skipping
Switching build target platform(19) subTarget(0) extendedPlatform(0) -> platform(13) subTarget(537395200) extendedPlatform(0)
Shader 'Universal Render Pipeline/Particles/Lit': fallback shader 'Universal Render Pipeline/Particles/SimpleLit' not found
Shader 'Universal Render Pipeline/Particles/Lit': fallback shader 'Universal Render Pipeline/Particles/SimpleLit' not found
Refreshing native plugins compatible for Editor in 0.70 ms, found 2 plugins.
Preloading 0 native plugins for Editor in 0.00 ms.
Unloading 2668 Unused Serialized files (Serialized files now loaded: 0)
System memory in use before: 119.8 MB.
System memory in use after: 117.2 MB.

Unloading 46 unused Assets to reduce memory usage. Loaded Objects now: 3184.
Total: 5.190500 ms (FindLiveObjects: 0.401300 ms CreateObjectMapping: 0.172800 ms MarkObjects: 2.662400 ms  DeleteObjects: 1.951800 ms)

AssetImportParameters requested are different than current active one (requested -> active):
  custom:framework-win-MediaFoundation: 216162199b28c13a410421893ffa2e32 -> 
  custom:video-decoder-ogg-theora: a1e56fd34408186e4bbccfd4996cb3dc -> 
  custom:container-muxer-webm: aa71ff27fc2769a1b78a27578f13a17b -> 
  custom:container-demuxer-webm: 4f35f7cbe854078d1ac9338744f61a02 -> 
  custom:container-demuxer-ogg: 62fdf1f143b41e24485cea50d1cbac27 -> 
  custom:video-encoder-webm-vp8: eb34c28f22e8b96e1ab97ce403110664 -> 
  custom:video-decoder-webm-vp8: 9c59270c3fd7afecdb556c50c9e8de78 -> 
  custom:graphics/normal-map-encoding: 01000000000000000000000000000000 -> 02000000000000000000000000000000
  custom:audio-decoder-ogg-vorbis: bf7c407c2cedff20999df2af8eb42d56 -> 
  custom:audio-encoder-webm-vorbis: bf7c407c2cedff20999df2af8eb42d56 -> 
========================================================================
Received Import Request.
  Time since last request: 27.762029 seconds.
  path: Assets/Prefabs/Nodes & Tips/Node.prefab
  artifactKey: Guid(8bd4991d4dae53a409af7dd7a23f4d26) Importer(815301076,1909f56bfc062723c751e8b465ee728b)
Start importing Assets/Prefabs/Nodes & Tips/Node.prefab using Guid(8bd4991d4dae53a409af7dd7a23f4d26) Importer(815301076,1909f56bfc062723c751e8b465ee728b)  -> (artifact id: '0c4afa3e4f5b3715413af3d6c91eec95') in 0.346073 seconds 
  Import took 0.394809 seconds .

========================================================================
Received Import Request.
  Time since last request: 296.292374 seconds.
  path: Assets/Scripts/UI/UIMovable.cs
  artifactKey: Guid(82d70320203b03c408af641663f45aea) Importer(815301076,1909f56bfc062723c751e8b465ee728b)
Start importing Assets/Scripts/UI/UIMovable.cs using Guid(82d70320203b03c408af641663f45aea) Importer(815301076,1909f56bfc062723c751e8b465ee728b)  -> (artifact id: 'cef0424de39e1911a4b2606d14f31697') in 0.003963 seconds 
  Import took 0.036039 seconds .

========================================================================
Received Import Request.
  Time since last request: 0.798264 seconds.
  path: Assets/Scripts/UI/UISizeAnimator.cs
  artifactKey: Guid(db661a7e067749c4d9d09160e4f6787a) Importer(815301076,1909f56bfc062723c751e8b465ee728b)
Start importing Assets/Scripts/UI/UISizeAnimator.cs using Guid(db661a7e067749c4d9d09160e4f6787a) Importer(815301076,1909f56bfc062723c751e8b465ee728b)  -> (artifact id: '067ae9f7f3f823bcba55d88bd2be5783') in 0.003507 seconds 
  Import took 0.031226 seconds .

========================================================================
Received Import Request.
  Time since last request: 2.082116 seconds.
  path: Assets/Scripts/UI/UIAnimator.cs
  artifactKey: Guid(db661a7e067749c4d9d09160e4f6787a) Importer(815301076,1909f56bfc062723c751e8b465ee728b)
Start importing Assets/Scripts/UI/UIAnimator.cs using Guid(db661a7e067749c4d9d09160e4f6787a) Importer(815301076,1909f56bfc062723c751e8b465ee728b)  -> (artifact id: '154d8aaf6a3347ac0780473dd1a48ce2') in 0.058685 seconds 
  Import took 0.089968 seconds .

========================================================================
Received Prepare
Registering precompiled user dll's ...
Registered in 0.003908 seconds.
Begin MonoManager ReloadAssembly
Native extension for WindowsStandalone target not found
Native extension for WebGL target not found
Refreshing native plugins compatible for Editor in 0.70 ms, found 2 plugins.
Preloading 0 native plugins for Editor in 0.00 ms.
Mono: successfully reloaded assembly
- Completed reload, in  1.315 seconds
Platform modules already initialized, skipping
Switching build target platform(19) subTarget(0) extendedPlatform(0) -> platform(13) subTarget(537395200) extendedPlatform(0)
Shader 'Universal Render Pipeline/Particles/Lit': fallback shader 'Universal Render Pipeline/Particles/SimpleLit' not found
Shader 'Universal Render Pipeline/Particles/Lit': fallback shader 'Universal Render Pipeline/Particles/SimpleLit' not found
Refreshing native plugins compatible for Editor in 0.72 ms, found 2 plugins.
Preloading 0 native plugins for Editor in 0.00 ms.
Unloading 2668 Unused Serialized files (Serialized files now loaded: 0)
System memory in use before: 119.8 MB.
System memory in use after: 117.2 MB.

Unloading 46 unused Assets to reduce memory usage. Loaded Objects now: 3187.
Total: 4.798900 ms (FindLiveObjects: 0.369500 ms CreateObjectMapping: 0.208300 ms MarkObjects: 2.443500 ms  DeleteObjects: 1.775700 ms)

AssetImportParameters requested are different than current active one (requested -> active):
  custom:framework-win-MediaFoundation: 216162199b28c13a410421893ffa2e32 -> 
  custom:video-decoder-ogg-theora: a1e56fd34408186e4bbccfd4996cb3dc -> 
  custom:container-muxer-webm: aa71ff27fc2769a1b78a27578f13a17b -> 
  custom:container-demuxer-webm: 4f35f7cbe854078d1ac9338744f61a02 -> 
  custom:container-demuxer-ogg: 62fdf1f143b41e24485cea50d1cbac27 -> 
  custom:video-encoder-webm-vp8: eb34c28f22e8b96e1ab97ce403110664 -> 
  custom:video-decoder-webm-vp8: 9c59270c3fd7afecdb556c50c9e8de78 -> 
  custom:graphics/normal-map-encoding: 01000000000000000000000000000000 -> 02000000000000000000000000000000
  custom:audio-decoder-ogg-vorbis: bf7c407c2cedff20999df2af8eb42d56 -> 
  custom:audio-encoder-webm-vorbis: bf7c407c2cedff20999df2af8eb42d56 -> 
========================================================================
Received Prepare
Registering precompiled user dll's ...
Registered in 0.003684 seconds.
Begin MonoManager ReloadAssembly
Native extension for WindowsStandalone target not found
Native extension for WebGL target not found
Refreshing native plugins compatible for Editor in 1.43 ms, found 2 plugins.
Preloading 0 native plugins for Editor in 0.00 ms.
Mono: successfully reloaded assembly
- Completed reload, in  1.279 seconds
Platform modules already initialized, skipping
Switching build target platform(19) subTarget(0) extendedPlatform(0) -> platform(13) subTarget(537395200) extendedPlatform(0)
Shader 'Universal Render Pipeline/Particles/Lit': fallback shader 'Universal Render Pipeline/Particles/SimpleLit' not found
Shader 'Universal Render Pipeline/Particles/Lit': fallback shader 'Universal Render Pipeline/Particles/SimpleLit' not found
Refreshing native plugins compatible for Editor in 0.68 ms, found 2 plugins.
Preloading 0 native plugins for Editor in 0.00 ms.
Unloading 2668 Unused Serialized files (Serialized files now loaded: 0)
System memory in use before: 119.8 MB.
System memory in use after: 117.2 MB.

Unloading 46 unused Assets to reduce memory usage. Loaded Objects now: 3190.
Total: 4.974000 ms (FindLiveObjects: 0.337400 ms CreateObjectMapping: 0.299700 ms MarkObjects: 2.563400 ms  DeleteObjects: 1.771800 ms)

AssetImportParameters requested are different than current active one (requested -> active):
  custom:framework-win-MediaFoundation: 216162199b28c13a410421893ffa2e32 -> 
  custom:video-decoder-ogg-theora: a1e56fd34408186e4bbccfd4996cb3dc -> 
  custom:container-muxer-webm: aa71ff27fc2769a1b78a27578f13a17b -> 
  custom:container-demuxer-webm: 4f35f7cbe854078d1ac9338744f61a02 -> 
  custom:container-demuxer-ogg: 62fdf1f143b41e24485cea50d1cbac27 -> 
  custom:video-encoder-webm-vp8: eb34c28f22e8b96e1ab97ce403110664 -> 
  custom:video-decoder-webm-vp8: 9c59270c3fd7afecdb556c50c9e8de78 -> 
  custom:graphics/normal-map-encoding: 01000000000000000000000000000000 -> 02000000000000000000000000000000
  custom:audio-decoder-ogg-vorbis: bf7c407c2cedff20999df2af8eb42d56 -> 
  custom:audio-encoder-webm-vorbis: bf7c407c2cedff20999df2af8eb42d56 -> 
AssetImportWorkerClient::OnTransportError - code=2 error=End of file
